#
# There is insufficient memory for the Java Runtime Environment to continue.
# Native memory allocation (malloc) failed to allocate 457136 bytes for Chunk::new
# Possible reasons:
#   The system is out of physical RAM or swap space
#   The process is running with CompressedOops enabled, and the Java Heap may be blocking the growth of the native heap
# Possible solutions:
#   Reduce memory load on the system
#   Increase physical memory or swap space
#   Check if swap backing store is full
#   Decrease Java heap size (-Xmx/-Xms)
#   Decrease number of Java threads
#   Decrease Java thread stack sizes (-Xss)
#   Set larger code cache with -XX:ReservedCodeCacheSize=
#   JVM is running with Unscaled Compressed Oops mode in which the Java heap is
#     placed in the first 4GB address space. The Java Heap base address is the
#     maximum limit for the native heap growth. Please use -XX:HeapBaseMinAddress
#     to set the Java Heap base and to place the Java Heap above 4GB virtual address.
# This output file may be truncated or incomplete.
#
#  Out of Memory Error (arena.cpp:197), pid=18964, tid=8560
#
# JRE version: OpenJDK Runtime Environment Microsoft-8035250 (11.0.20+8) (build 11.0.20+8-LTS)
# Java VM: OpenJDK 64-Bit Server VM Microsoft-8035250 (11.0.20+8-LTS, mixed mode, tiered, compressed oops, g1 gc, windows-amd64)
# No core dump will be written. Minidumps are not enabled by default on client versions of Windows
#

---------------  S U M M A R Y ------------

Command Line: -XX:MaxMetaspaceSize=512m --add-opens=java.base/java.util=ALL-UNNAMED --add-opens=java.base/java.lang=ALL-UNNAMED --add-opens=java.base/java.lang.invoke=ALL-UNNAMED --add-opens=java.prefs/java.util.prefs=ALL-UNNAMED --add-opens=java.base/java.nio.charset=ALL-UNNAMED --add-opens=java.base/java.net=ALL-UNNAMED --add-opens=java.base/java.util.concurrent.atomic=ALL-UNNAMED -Xmx2048m -Dfile.encoding=UTF-8 -Duser.country=IN -Duser.language=en -Duser.variant org.gradle.launcher.daemon.bootstrap.GradleDaemon 8.0.1

Host: Intel(R) Core(TM) i7-8565U CPU @ 1.80GHz, 8 cores, 7G,  Windows 10 , 64 bit Build 19041 (10.0.19041.3636)
Time: Tue Nov 28 18:42:28 2023 Eastern Standard Time elapsed time: 41.321954 seconds (0d 0h 0m 41s)

---------------  T H R E A D  ---------------

Current thread (0x000002a5b4ab3000):  JavaThread "C2 CompilerThread0" daemon [_thread_in_native, id=8560, stack(0x000000d367000000,0x000000d367100000)]


Current CompileTask:
C2:  41322 3184   !   4       jdk.internal.loader.URLClassPath$JarLoader::getResource (65 bytes)

Stack: [0x000000d367000000,0x000000d367100000]
Native frames: (J=compiled Java code, j=interpreted, Vv=VM code, C=native code)
V  [jvm.dll+0x62e9da]
V  [jvm.dll+0x7bc4e9]
V  [jvm.dll+0x7bdbd8]
V  [jvm.dll+0x7be2b3]
V  [jvm.dll+0x2505a8]
V  [jvm.dll+0xc263c]
V  [jvm.dll+0xc2bfc]
V  [jvm.dll+0x35fd82]
V  [jvm.dll+0x32bf13]
V  [jvm.dll+0x32b24a]
V  [jvm.dll+0x2097e3]
V  [jvm.dll+0x20893d]
V  [jvm.dll+0x18a7de]
V  [jvm.dll+0x2181ec]
V  [jvm.dll+0x21642b]
V  [jvm.dll+0x77efc0]
V  [jvm.dll+0x777db4]
V  [jvm.dll+0x62d845]
C  [ucrtbase.dll+0x21bb2]
C  [KERNEL32.DLL+0x17344]
C  [ntdll.dll+0x526b1]


---------------  P R O C E S S  ---------------

Threads class SMR info:
_java_thread_list=0x000002a5b9725c40, length=31, elements={
0x000002a5959a1000, 0x000002a5b4aa2000, 0x000002a5b4a9b800, 0x000002a5b4aab000,
0x000002a5b4aac000, 0x000002a5b4aae000, 0x000002a5b4ab3000, 0x000002a5b4ab4000,
0x000002a5b4ac0000, 0x000002a5b5566000, 0x000002a5b66a9000, 0x000002a5b759f800,
0x000002a5b69f0800, 0x000002a5b6f14000, 0x000002a5b6d47000, 0x000002a5b56c9000,
0x000002a5b6b64000, 0x000002a5b7aa1800, 0x000002a5b6409800, 0x000002a5b6198000,
0x000002a5b65cf800, 0x000002a5b65ce000, 0x000002a5b65d3000, 0x000002a5b65d4800,
0x000002a5b65d4000, 0x000002a5b65d0800, 0x000002a5b65cf000, 0x000002a5b65d1800,
0x000002a5b65d2000, 0x000002a5b9cc0800, 0x000002a5b9cc4800
}

Java Threads: ( => current thread )
  0x000002a5959a1000 JavaThread "main" [_thread_blocked, id=7652, stack(0x000000d366400000,0x000000d366500000)]
  0x000002a5b4aa2000 JavaThread "Reference Handler" daemon [_thread_blocked, id=23616, stack(0x000000d366b00000,0x000000d366c00000)]
  0x000002a5b4a9b800 JavaThread "Finalizer" daemon [_thread_blocked, id=5608, stack(0x000000d366c00000,0x000000d366d00000)]
  0x000002a5b4aab000 JavaThread "Signal Dispatcher" daemon [_thread_blocked, id=9780, stack(0x000000d366d00000,0x000000d366e00000)]
  0x000002a5b4aac000 JavaThread "Attach Listener" daemon [_thread_blocked, id=24916, stack(0x000000d366e00000,0x000000d366f00000)]
  0x000002a5b4aae000 JavaThread "Service Thread" daemon [_thread_blocked, id=15424, stack(0x000000d366f00000,0x000000d367000000)]
=>0x000002a5b4ab3000 JavaThread "C2 CompilerThread0" daemon [_thread_in_native, id=8560, stack(0x000000d367000000,0x000000d367100000)]
  0x000002a5b4ab4000 JavaThread "C1 CompilerThread0" daemon [_thread_blocked, id=19820, stack(0x000000d367100000,0x000000d367200000)]
  0x000002a5b4ac0000 JavaThread "Sweeper thread" daemon [_thread_blocked, id=6612, stack(0x000000d367200000,0x000000d367300000)]
  0x000002a5b5566000 JavaThread "Common-Cleaner" daemon [_thread_blocked, id=12500, stack(0x000000d367300000,0x000000d367400000)]
  0x000002a5b66a9000 JavaThread "Daemon health stats" [_thread_blocked, id=27772, stack(0x000000d367700000,0x000000d367800000)]
  0x000002a5b759f800 JavaThread "Incoming local TCP Connector on port 55112" [_thread_in_native, id=27780, stack(0x000000d367800000,0x000000d367900000)]
  0x000002a5b69f0800 JavaThread "Daemon periodic checks" [_thread_blocked, id=27784, stack(0x000000d367900000,0x000000d367a00000)]
  0x000002a5b6f14000 JavaThread "Daemon" [_thread_blocked, id=27800, stack(0x000000d367a00000,0x000000d367b00000)]
  0x000002a5b6d47000 JavaThread "Handler for socket connection from /127.0.0.1:55112 to /127.0.0.1:55113" [_thread_in_native, id=27804, stack(0x000000d367b00000,0x000000d367c00000)]
  0x000002a5b56c9000 JavaThread "Cancel handler" [_thread_blocked, id=27808, stack(0x000000d367c00000,0x000000d367d00000)]
  0x000002a5b6b64000 JavaThread "Daemon worker" [_thread_in_vm, id=27812, stack(0x000000d367d00000,0x000000d367e00000)]
  0x000002a5b7aa1800 JavaThread "Asynchronous log dispatcher for DefaultDaemonConnection: socket connection from /127.0.0.1:55112 to /127.0.0.1:55113" [_thread_blocked, id=27840, stack(0x000000d367e00000,0x000000d367f00000)]
  0x000002a5b6409800 JavaThread "Stdin handler" [_thread_blocked, id=27844, stack(0x000000d367f00000,0x000000d368000000)]
  0x000002a5b6198000 JavaThread "Daemon client event forwarder" [_thread_blocked, id=27848, stack(0x000000d368000000,0x000000d368100000)]
  0x000002a5b65cf800 JavaThread "Cache worker for journal cache (C:\Users\chand\.gradle\caches\journal-1)" [_thread_blocked, id=27884, stack(0x000000d368600000,0x000000d368700000)]
  0x000002a5b65ce000 JavaThread "File lock request listener" [_thread_in_native, id=27888, stack(0x000000d368700000,0x000000d368800000)]
  0x000002a5b65d3000 JavaThread "Cache worker for file hash cache (C:\Users\chand\.gradle\caches\8.0.1\fileHashes)" [_thread_blocked, id=27900, stack(0x000000d368900000,0x000000d368a00000)]
  0x000002a5b65d4800 JavaThread "File watcher server" daemon [_thread_in_native, id=27912, stack(0x000000d368a00000,0x000000d368b00000)]
  0x000002a5b65d4000 JavaThread "File watcher consumer" daemon [_thread_blocked, id=27916, stack(0x000000d368b00000,0x000000d368c00000)]
  0x000002a5b65d0800 JavaThread "Cache worker for checksums cache (E:\BRAINHUB\reactNativeOpenCvTutorial\android\.gradle\8.0.1\checksums)" [_thread_blocked, id=27920, stack(0x000000d368c00000,0x000000d368d00000)]
  0x000002a5b65cf000 JavaThread "Cache worker for cache directory md-rule (C:\Users\chand\.gradle\caches\8.0.1\md-rule)" [_thread_blocked, id=27924, stack(0x000000d368d00000,0x000000d368e00000)]
  0x000002a5b65d1800 JavaThread "Cache worker for file content cache (C:\Users\chand\.gradle\caches\8.0.1\fileContent)" [_thread_blocked, id=27928, stack(0x000000d368e00000,0x000000d368f00000)]
  0x000002a5b65d2000 JavaThread "Cache worker for file hash cache (E:\BRAINHUB\reactNativeOpenCvTutorial\android\.gradle\8.0.1\fileHashes)" [_thread_blocked, id=27932, stack(0x000000d368f00000,0x000000d369000000)]
  0x000002a5b9cc0800 JavaThread "Cache worker for cache directory md-supplier (C:\Users\chand\.gradle\caches\8.0.1\md-supplier)" [_thread_blocked, id=27936, stack(0x000000d369000000,0x000000d369100000)]
  0x000002a5b9cc4800 JavaThread "Cache worker for execution history cache (C:\Users\chand\.gradle\caches\8.0.1\executionHistory)" [_thread_blocked, id=27940, stack(0x000000d369100000,0x000000d369200000)]

Other Threads:
  0x000002a5b4a8f800 VMThread "VM Thread" [stack: 0x000000d366a00000,0x000000d366b00000] [id=20188]
  0x000002a5b5584000 WatcherThread [stack: 0x000000d367400000,0x000000d367500000] [id=13544]
  0x000002a5959ba800 GCTaskThread "GC Thread#0" [stack: 0x000000d366500000,0x000000d366600000] [id=7160]
  0x000002a5b6110000 GCTaskThread "GC Thread#1" [stack: 0x000000d367500000,0x000000d367600000] [id=27744]
  0x000002a5b615e000 GCTaskThread "GC Thread#2" [stack: 0x000000d367600000,0x000000d367700000] [id=27748]
  0x000002a5b67da000 GCTaskThread "GC Thread#3" [stack: 0x000000d368100000,0x000000d368200000] [id=27852]
  0x000002a5b749f800 GCTaskThread "GC Thread#4" [stack: 0x000000d368200000,0x000000d368300000] [id=27856]
  0x000002a5b7938800 GCTaskThread "GC Thread#5" [stack: 0x000000d368300000,0x000000d368400000] [id=27860]
  0x000002a5b6303000 GCTaskThread "GC Thread#6" [stack: 0x000000d368400000,0x000000d368500000] [id=27864]
  0x000002a5b6a5d800 GCTaskThread "GC Thread#7" [stack: 0x000000d368500000,0x000000d368600000] [id=27868]
  0x000002a5959ec000 ConcurrentGCThread "G1 Main Marker" [stack: 0x000000d366600000,0x000000d366700000] [id=14788]
  0x000002a5959ed800 ConcurrentGCThread "G1 Conc#0" [stack: 0x000000d366700000,0x000000d366800000] [id=23588]
  0x000002a5b5fb6000 ConcurrentGCThread "G1 Conc#1" [stack: 0x000000d368800000,0x000000d368900000] [id=27892]
  0x000002a5b4900800 ConcurrentGCThread "G1 Refine#0" [stack: 0x000000d366800000,0x000000d366900000] [id=14680]
  0x000002a5b4901800 ConcurrentGCThread "G1 Young RemSet Sampling" [stack: 0x000000d366900000,0x000000d366a00000] [id=26440]

Threads with active compile tasks:
C2 CompilerThread0    41425 3184   !   4       jdk.internal.loader.URLClassPath$JarLoader::getResource (65 bytes)

VM state:not at safepoint (normal execution)

VM Mutex/Monitor currently owned by a thread: None

Heap address: 0x0000000080000000, size: 2048 MB, Compressed Oops mode: 32-bit
Narrow klass base: 0x0000000000000000, Narrow klass shift: 3
Compressed class space size: 528482304 Address: 0x0000000100000000

Heap:
 garbage-first heap   total 131072K, used 53568K [0x0000000080000000, 0x0000000100000000)
  region size 1024K, 37 young (37888K), 7 survivors (7168K)
 Metaspace       used 38063K, capacity 39018K, committed 39120K, reserved 550912K
  class space    used 4826K, capacity 5191K, committed 5248K, reserved 516096K
Heap Regions: E=young(eden), S=young(survivor), O=old, HS=humongous(starts), HC=humongous(continues), CS=collection set, F=free, A=archive, TAMS=top-at-mark-start (previous, next)
|   0|0x0000000080000000, 0x0000000080100000, 0x0000000080100000|100%|HS|  |TAMS 0x0000000080100000, 0x0000000080000000| Complete 
|   1|0x0000000080100000, 0x0000000080200000, 0x0000000080200000|100%|HC|  |TAMS 0x0000000080200000, 0x0000000080100000| Complete 
|   2|0x0000000080200000, 0x0000000080300000, 0x0000000080300000|100%|HC|  |TAMS 0x0000000080300000, 0x0000000080200000| Complete 
|   3|0x0000000080300000, 0x0000000080400000, 0x0000000080400000|100%|HC|  |TAMS 0x0000000080400000, 0x0000000080300000| Complete 
|   4|0x0000000080400000, 0x0000000080500000, 0x0000000080500000|100%| O|  |TAMS 0x0000000080500000, 0x0000000080400000| Untracked 
|   5|0x0000000080500000, 0x0000000080600000, 0x0000000080600000|100%| O|  |TAMS 0x0000000080600000, 0x0000000080500000| Untracked 
|   6|0x0000000080600000, 0x0000000080700000, 0x0000000080700000|100%| O|  |TAMS 0x0000000080700000, 0x0000000080600000| Untracked 
|   7|0x0000000080700000, 0x0000000080800000, 0x0000000080800000|100%| O|  |TAMS 0x0000000080800000, 0x0000000080700000| Untracked 
|   8|0x0000000080800000, 0x0000000080900000, 0x0000000080900000|100%| O|  |TAMS 0x0000000080900000, 0x0000000080800000| Untracked 
|   9|0x0000000080900000, 0x0000000080a00000, 0x0000000080a00000|100%| O|  |TAMS 0x0000000080a00000, 0x0000000080900000| Untracked 
|  10|0x0000000080a00000, 0x0000000080b00000, 0x0000000080b00000|100%| O|  |TAMS 0x0000000080b00000, 0x0000000080a00000| Untracked 
|  11|0x0000000080b00000, 0x0000000080c00000, 0x0000000080c00000|100%| O|  |TAMS 0x0000000080c00000, 0x0000000080b00000| Untracked 
|  12|0x0000000080c00000, 0x0000000080d00000, 0x0000000080d00000|100%| O|  |TAMS 0x0000000080d00000, 0x0000000080c00000| Untracked 
|  13|0x0000000080d00000, 0x0000000080e00000, 0x0000000080e00000|100%| O|  |TAMS 0x0000000080e00000, 0x0000000080d00000| Untracked 
|  14|0x0000000080e00000, 0x0000000080f00000, 0x0000000080f00000|100%| O|  |TAMS 0x0000000080f00000, 0x0000000080e00000| Untracked 
|  15|0x0000000080f00000, 0x0000000081000000, 0x0000000081000000|100%| O|  |TAMS 0x0000000081000000, 0x0000000080f00000| Untracked 
|  16|0x0000000081000000, 0x00000000810eb200, 0x0000000081100000| 91%| O|  |TAMS 0x00000000810eb200, 0x0000000081000000| Untracked 
|  17|0x0000000081100000, 0x0000000081100000, 0x0000000081200000|  0%| F|  |TAMS 0x0000000081100000, 0x0000000081100000| Untracked 
|  18|0x0000000081200000, 0x0000000081200000, 0x0000000081300000|  0%| F|  |TAMS 0x0000000081200000, 0x0000000081200000| Untracked 
|  19|0x0000000081300000, 0x0000000081300000, 0x0000000081400000|  0%| F|  |TAMS 0x0000000081300000, 0x0000000081300000| Untracked 
|  20|0x0000000081400000, 0x0000000081400000, 0x0000000081500000|  0%| F|  |TAMS 0x0000000081400000, 0x0000000081400000| Untracked 
|  21|0x0000000081500000, 0x0000000081500000, 0x0000000081600000|  0%| F|  |TAMS 0x0000000081500000, 0x0000000081500000| Untracked 
|  22|0x0000000081600000, 0x0000000081600000, 0x0000000081700000|  0%| F|  |TAMS 0x0000000081600000, 0x0000000081600000| Untracked 
|  23|0x0000000081700000, 0x0000000081700000, 0x0000000081800000|  0%| F|  |TAMS 0x0000000081700000, 0x0000000081700000| Untracked 
|  24|0x0000000081800000, 0x0000000081800000, 0x0000000081900000|  0%| F|  |TAMS 0x0000000081800000, 0x0000000081800000| Untracked 
|  25|0x0000000081900000, 0x0000000081900000, 0x0000000081a00000|  0%| F|  |TAMS 0x0000000081900000, 0x0000000081900000| Untracked 
|  26|0x0000000081a00000, 0x0000000081a00000, 0x0000000081b00000|  0%| F|  |TAMS 0x0000000081a00000, 0x0000000081a00000| Untracked 
|  27|0x0000000081b00000, 0x0000000081b00000, 0x0000000081c00000|  0%| F|  |TAMS 0x0000000081b00000, 0x0000000081b00000| Untracked 
|  28|0x0000000081c00000, 0x0000000081c00000, 0x0000000081d00000|  0%| F|  |TAMS 0x0000000081c00000, 0x0000000081c00000| Untracked 
|  29|0x0000000081d00000, 0x0000000081d00000, 0x0000000081e00000|  0%| F|  |TAMS 0x0000000081d00000, 0x0000000081d00000| Untracked 
|  30|0x0000000081e00000, 0x0000000081e00000, 0x0000000081f00000|  0%| F|  |TAMS 0x0000000081e00000, 0x0000000081e00000| Untracked 
|  31|0x0000000081f00000, 0x0000000081f00000, 0x0000000082000000|  0%| F|  |TAMS 0x0000000081f00000, 0x0000000081f00000| Untracked 
|  32|0x0000000082000000, 0x0000000082000000, 0x0000000082100000|  0%| F|  |TAMS 0x0000000082000000, 0x0000000082000000| Untracked 
|  33|0x0000000082100000, 0x0000000082100000, 0x0000000082200000|  0%| F|  |TAMS 0x0000000082100000, 0x0000000082100000| Untracked 
|  34|0x0000000082200000, 0x0000000082200000, 0x0000000082300000|  0%| F|  |TAMS 0x0000000082200000, 0x0000000082200000| Untracked 
|  35|0x0000000082300000, 0x0000000082300000, 0x0000000082400000|  0%| F|  |TAMS 0x0000000082300000, 0x0000000082300000| Untracked 
|  36|0x0000000082400000, 0x0000000082400000, 0x0000000082500000|  0%| F|  |TAMS 0x0000000082400000, 0x0000000082400000| Untracked 
|  37|0x0000000082500000, 0x0000000082500000, 0x0000000082600000|  0%| F|  |TAMS 0x0000000082500000, 0x0000000082500000| Untracked 
|  38|0x0000000082600000, 0x0000000082600000, 0x0000000082700000|  0%| F|  |TAMS 0x0000000082600000, 0x0000000082600000| Untracked 
|  39|0x0000000082700000, 0x0000000082700000, 0x0000000082800000|  0%| F|  |TAMS 0x0000000082700000, 0x0000000082700000| Untracked 
|  40|0x0000000082800000, 0x0000000082800000, 0x0000000082900000|  0%| F|  |TAMS 0x0000000082800000, 0x0000000082800000| Untracked 
|  41|0x0000000082900000, 0x0000000082900000, 0x0000000082a00000|  0%| F|  |TAMS 0x0000000082900000, 0x0000000082900000| Untracked 
|  42|0x0000000082a00000, 0x0000000082a00000, 0x0000000082b00000|  0%| F|  |TAMS 0x0000000082a00000, 0x0000000082a00000| Untracked 
|  43|0x0000000082b00000, 0x0000000082b00000, 0x0000000082c00000|  0%| F|  |TAMS 0x0000000082b00000, 0x0000000082b00000| Untracked 
|  44|0x0000000082c00000, 0x0000000082c00000, 0x0000000082d00000|  0%| F|  |TAMS 0x0000000082c00000, 0x0000000082c00000| Untracked 
|  45|0x0000000082d00000, 0x0000000082d00000, 0x0000000082e00000|  0%| F|  |TAMS 0x0000000082d00000, 0x0000000082d00000| Untracked 
|  46|0x0000000082e00000, 0x0000000082e00000, 0x0000000082f00000|  0%| F|  |TAMS 0x0000000082e00000, 0x0000000082e00000| Untracked 
|  47|0x0000000082f00000, 0x0000000082f00000, 0x0000000083000000|  0%| F|  |TAMS 0x0000000082f00000, 0x0000000082f00000| Untracked 
|  48|0x0000000083000000, 0x0000000083000000, 0x0000000083100000|  0%| F|  |TAMS 0x0000000083000000, 0x0000000083000000| Untracked 
|  49|0x0000000083100000, 0x0000000083100000, 0x0000000083200000|  0%| F|  |TAMS 0x0000000083100000, 0x0000000083100000| Untracked 
|  50|0x0000000083200000, 0x0000000083200000, 0x0000000083300000|  0%| F|  |TAMS 0x0000000083200000, 0x0000000083200000| Untracked 
|  51|0x0000000083300000, 0x0000000083300000, 0x0000000083400000|  0%| F|  |TAMS 0x0000000083300000, 0x0000000083300000| Untracked 
|  52|0x0000000083400000, 0x0000000083400000, 0x0000000083500000|  0%| F|  |TAMS 0x0000000083400000, 0x0000000083400000| Untracked 
|  53|0x0000000083500000, 0x0000000083500000, 0x0000000083600000|  0%| F|  |TAMS 0x0000000083500000, 0x0000000083500000| Untracked 
|  54|0x0000000083600000, 0x0000000083600000, 0x0000000083700000|  0%| F|  |TAMS 0x0000000083600000, 0x0000000083600000| Untracked 
|  55|0x0000000083700000, 0x0000000083700000, 0x0000000083800000|  0%| F|  |TAMS 0x0000000083700000, 0x0000000083700000| Untracked 
|  56|0x0000000083800000, 0x0000000083800000, 0x0000000083900000|  0%| F|  |TAMS 0x0000000083800000, 0x0000000083800000| Untracked 
|  57|0x0000000083900000, 0x0000000083900000, 0x0000000083a00000|  0%| F|  |TAMS 0x0000000083900000, 0x0000000083900000| Untracked 
|  58|0x0000000083a00000, 0x0000000083a00000, 0x0000000083b00000|  0%| F|  |TAMS 0x0000000083a00000, 0x0000000083a00000| Untracked 
|  59|0x0000000083b00000, 0x0000000083b00000, 0x0000000083c00000|  0%| F|  |TAMS 0x0000000083b00000, 0x0000000083b00000| Untracked 
|  60|0x0000000083c00000, 0x0000000083c00000, 0x0000000083d00000|  0%| F|  |TAMS 0x0000000083c00000, 0x0000000083c00000| Untracked 
|  61|0x0000000083d00000, 0x0000000083d00000, 0x0000000083e00000|  0%| F|  |TAMS 0x0000000083d00000, 0x0000000083d00000| Untracked 
|  62|0x0000000083e00000, 0x0000000083e00000, 0x0000000083f00000|  0%| F|  |TAMS 0x0000000083e00000, 0x0000000083e00000| Untracked 
|  63|0x0000000083f00000, 0x0000000083f00000, 0x0000000084000000|  0%| F|  |TAMS 0x0000000083f00000, 0x0000000083f00000| Untracked 
|  64|0x0000000084000000, 0x0000000084000000, 0x0000000084100000|  0%| F|  |TAMS 0x0000000084000000, 0x0000000084000000| Untracked 
|  65|0x0000000084100000, 0x0000000084100000, 0x0000000084200000|  0%| F|  |TAMS 0x0000000084100000, 0x0000000084100000| Untracked 
|  66|0x0000000084200000, 0x0000000084200000, 0x0000000084300000|  0%| F|  |TAMS 0x0000000084200000, 0x0000000084200000| Untracked 
|  67|0x0000000084300000, 0x0000000084300000, 0x0000000084400000|  0%| F|  |TAMS 0x0000000084300000, 0x0000000084300000| Untracked 
|  68|0x0000000084400000, 0x0000000084400000, 0x0000000084500000|  0%| F|  |TAMS 0x0000000084400000, 0x0000000084400000| Untracked 
|  69|0x0000000084500000, 0x0000000084500000, 0x0000000084600000|  0%| F|  |TAMS 0x0000000084500000, 0x0000000084500000| Untracked 
|  70|0x0000000084600000, 0x0000000084600000, 0x0000000084700000|  0%| F|  |TAMS 0x0000000084600000, 0x0000000084600000| Untracked 
|  71|0x0000000084700000, 0x0000000084700000, 0x0000000084800000|  0%| F|  |TAMS 0x0000000084700000, 0x0000000084700000| Untracked 
|  72|0x0000000084800000, 0x0000000084800000, 0x0000000084900000|  0%| F|  |TAMS 0x0000000084800000, 0x0000000084800000| Untracked 
|  73|0x0000000084900000, 0x0000000084900000, 0x0000000084a00000|  0%| F|  |TAMS 0x0000000084900000, 0x0000000084900000| Untracked 
|  74|0x0000000084a00000, 0x0000000084a00000, 0x0000000084b00000|  0%| F|  |TAMS 0x0000000084a00000, 0x0000000084a00000| Untracked 
|  75|0x0000000084b00000, 0x0000000084b00000, 0x0000000084c00000|  0%| F|  |TAMS 0x0000000084b00000, 0x0000000084b00000| Untracked 
|  76|0x0000000084c00000, 0x0000000084c00000, 0x0000000084d00000|  0%| F|  |TAMS 0x0000000084c00000, 0x0000000084c00000| Untracked 
|  77|0x0000000084d00000, 0x0000000084d00000, 0x0000000084e00000|  0%| F|  |TAMS 0x0000000084d00000, 0x0000000084d00000| Untracked 
|  78|0x0000000084e00000, 0x0000000084e00000, 0x0000000084f00000|  0%| F|  |TAMS 0x0000000084e00000, 0x0000000084e00000| Untracked 
|  79|0x0000000084f00000, 0x0000000084f00000, 0x0000000085000000|  0%| F|  |TAMS 0x0000000084f00000, 0x0000000084f00000| Untracked 
|  80|0x0000000085000000, 0x0000000085000000, 0x0000000085100000|  0%| F|  |TAMS 0x0000000085000000, 0x0000000085000000| Untracked 
|  81|0x0000000085100000, 0x0000000085100000, 0x0000000085200000|  0%| F|  |TAMS 0x0000000085100000, 0x0000000085100000| Untracked 
|  82|0x0000000085200000, 0x0000000085200000, 0x0000000085300000|  0%| F|  |TAMS 0x0000000085200000, 0x0000000085200000| Untracked 
|  83|0x0000000085300000, 0x0000000085300000, 0x0000000085400000|  0%| F|  |TAMS 0x0000000085300000, 0x0000000085300000| Untracked 
|  84|0x0000000085400000, 0x0000000085400000, 0x0000000085500000|  0%| F|  |TAMS 0x0000000085400000, 0x0000000085400000| Untracked 
|  85|0x0000000085500000, 0x0000000085500000, 0x0000000085600000|  0%| F|  |TAMS 0x0000000085500000, 0x0000000085500000| Untracked 
|  86|0x0000000085600000, 0x0000000085600000, 0x0000000085700000|  0%| F|  |TAMS 0x0000000085600000, 0x0000000085600000| Untracked 
|  87|0x0000000085700000, 0x0000000085700000, 0x0000000085800000|  0%| F|  |TAMS 0x0000000085700000, 0x0000000085700000| Untracked 
|  88|0x0000000085800000, 0x0000000085800000, 0x0000000085900000|  0%| F|  |TAMS 0x0000000085800000, 0x0000000085800000| Untracked 
|  89|0x0000000085900000, 0x0000000085900000, 0x0000000085a00000|  0%| F|  |TAMS 0x0000000085900000, 0x0000000085900000| Untracked 
|  90|0x0000000085a00000, 0x0000000085a00000, 0x0000000085b00000|  0%| F|  |TAMS 0x0000000085a00000, 0x0000000085a00000| Untracked 
|  91|0x0000000085b00000, 0x0000000085c00000, 0x0000000085c00000|100%| E|  |TAMS 0x0000000085b00000, 0x0000000085b00000| Complete 
|  92|0x0000000085c00000, 0x0000000085d00000, 0x0000000085d00000|100%| E|CS|TAMS 0x0000000085c00000, 0x0000000085c00000| Complete 
|  93|0x0000000085d00000, 0x0000000085e00000, 0x0000000085e00000|100%| E|CS|TAMS 0x0000000085d00000, 0x0000000085d00000| Complete 
|  94|0x0000000085e00000, 0x0000000085f00000, 0x0000000085f00000|100%| E|CS|TAMS 0x0000000085e00000, 0x0000000085e00000| Complete 
|  95|0x0000000085f00000, 0x0000000086000000, 0x0000000086000000|100%| E|CS|TAMS 0x0000000085f00000, 0x0000000085f00000| Complete 
|  96|0x0000000086000000, 0x0000000086100000, 0x0000000086100000|100%| E|CS|TAMS 0x0000000086000000, 0x0000000086000000| Complete 
|  97|0x0000000086100000, 0x0000000086200000, 0x0000000086200000|100%| E|CS|TAMS 0x0000000086100000, 0x0000000086100000| Complete 
|  98|0x0000000086200000, 0x0000000086300000, 0x0000000086300000|100%| E|CS|TAMS 0x0000000086200000, 0x0000000086200000| Complete 
|  99|0x0000000086300000, 0x0000000086400000, 0x0000000086400000|100%| E|CS|TAMS 0x0000000086300000, 0x0000000086300000| Complete 
| 100|0x0000000086400000, 0x0000000086500000, 0x0000000086500000|100%| E|CS|TAMS 0x0000000086400000, 0x0000000086400000| Complete 
| 101|0x0000000086500000, 0x0000000086600000, 0x0000000086600000|100%| E|CS|TAMS 0x0000000086500000, 0x0000000086500000| Complete 
| 102|0x0000000086600000, 0x0000000086700000, 0x0000000086700000|100%| E|CS|TAMS 0x0000000086600000, 0x0000000086600000| Complete 
| 103|0x0000000086700000, 0x0000000086800000, 0x0000000086800000|100%| E|CS|TAMS 0x0000000086700000, 0x0000000086700000| Complete 
| 104|0x0000000086800000, 0x0000000086900000, 0x0000000086900000|100%| E|CS|TAMS 0x0000000086800000, 0x0000000086800000| Complete 
| 105|0x0000000086900000, 0x0000000086a00000, 0x0000000086a00000|100%| E|CS|TAMS 0x0000000086900000, 0x0000000086900000| Complete 
| 106|0x0000000086a00000, 0x0000000086b00000, 0x0000000086b00000|100%| E|CS|TAMS 0x0000000086a00000, 0x0000000086a00000| Complete 
| 107|0x0000000086b00000, 0x0000000086c00000, 0x0000000086c00000|100%| E|CS|TAMS 0x0000000086b00000, 0x0000000086b00000| Complete 
| 108|0x0000000086c00000, 0x0000000086d00000, 0x0000000086d00000|100%| E|CS|TAMS 0x0000000086c00000, 0x0000000086c00000| Complete 
| 109|0x0000000086d00000, 0x0000000086d65070, 0x0000000086e00000| 39%| S|CS|TAMS 0x0000000086d00000, 0x0000000086d00000| Complete 
| 110|0x0000000086e00000, 0x0000000086f00000, 0x0000000086f00000|100%| S|CS|TAMS 0x0000000086e00000, 0x0000000086e00000| Complete 
| 111|0x0000000086f00000, 0x0000000087000000, 0x0000000087000000|100%| S|CS|TAMS 0x0000000086f00000, 0x0000000086f00000| Complete 
| 112|0x0000000087000000, 0x0000000087100000, 0x0000000087100000|100%| S|CS|TAMS 0x0000000087000000, 0x0000000087000000| Complete 
| 113|0x0000000087100000, 0x0000000087200000, 0x0000000087200000|100%| S|CS|TAMS 0x0000000087100000, 0x0000000087100000| Complete 
| 114|0x0000000087200000, 0x0000000087300000, 0x0000000087300000|100%| S|CS|TAMS 0x0000000087200000, 0x0000000087200000| Complete 
| 115|0x0000000087300000, 0x0000000087400000, 0x0000000087400000|100%| S|CS|TAMS 0x0000000087300000, 0x0000000087300000| Complete 
| 116|0x0000000087400000, 0x0000000087500000, 0x0000000087500000|100%| E|CS|TAMS 0x0000000087400000, 0x0000000087400000| Complete 
| 117|0x0000000087500000, 0x0000000087600000, 0x0000000087600000|100%| E|CS|TAMS 0x0000000087500000, 0x0000000087500000| Complete 
| 118|0x0000000087600000, 0x0000000087700000, 0x0000000087700000|100%| E|CS|TAMS 0x0000000087600000, 0x0000000087600000| Complete 
| 119|0x0000000087700000, 0x0000000087800000, 0x0000000087800000|100%| E|CS|TAMS 0x0000000087700000, 0x0000000087700000| Complete 
| 120|0x0000000087800000, 0x0000000087900000, 0x0000000087900000|100%| E|CS|TAMS 0x0000000087800000, 0x0000000087800000| Complete 
| 121|0x0000000087900000, 0x0000000087a00000, 0x0000000087a00000|100%| E|CS|TAMS 0x0000000087900000, 0x0000000087900000| Complete 
| 122|0x0000000087a00000, 0x0000000087b00000, 0x0000000087b00000|100%| E|CS|TAMS 0x0000000087a00000, 0x0000000087a00000| Complete 
| 123|0x0000000087b00000, 0x0000000087c00000, 0x0000000087c00000|100%| E|CS|TAMS 0x0000000087b00000, 0x0000000087b00000| Complete 
| 124|0x0000000087c00000, 0x0000000087d00000, 0x0000000087d00000|100%| E|CS|TAMS 0x0000000087c00000, 0x0000000087c00000| Complete 
| 125|0x0000000087d00000, 0x0000000087e00000, 0x0000000087e00000|100%| E|CS|TAMS 0x0000000087d00000, 0x0000000087d00000| Complete 
| 126|0x0000000087e00000, 0x0000000087f00000, 0x0000000087f00000|100%| E|CS|TAMS 0x0000000087e00000, 0x0000000087e00000| Complete 
| 127|0x0000000087f00000, 0x0000000088000000, 0x0000000088000000|100%| E|CS|TAMS 0x0000000087f00000, 0x0000000087f00000| Complete 

Card table byte_map: [0x000002a5ad870000,0x000002a5adc70000] _byte_map_base: 0x000002a5ad470000

Marking Bits (Prev, Next): (CMBitMap*) 0x000002a5959e35e8, (CMBitMap*) 0x000002a5959e3620
 Prev Bits: [0x000002a5ae070000, 0x000002a5b0070000)
 Next Bits: [0x000002a5b0070000, 0x000002a5b2070000)

Polling page: 0x000002a593910000

Metaspace:

Usage:
  Non-class:     33.03 MB capacity,    32.48 MB ( 98%) used,   478.85 KB (  1%) free+waste,    92.94 KB ( <1%) overhead. 
      Class:      5.07 MB capacity,     4.72 MB ( 93%) used,   312.88 KB (  6%) free+waste,    45.19 KB ( <1%) overhead. 
       Both:     38.10 MB capacity,    37.20 MB ( 98%) used,   791.73 KB (  2%) free+waste,   138.13 KB ( <1%) overhead. 

Virtual space:
  Non-class space:       34.00 MB reserved,      33.08 MB ( 97%) committed 
      Class space:      504.00 MB reserved,       5.13 MB (  1%) committed 
             Both:      538.00 MB reserved,      38.20 MB (  7%) committed 

Chunk freelists:
   Non-Class:  45.00 KB
       Class:  25.00 KB
        Both:  70.00 KB

MaxMetaspaceSize: 512.00 MB
CompressedClassSpaceSize: 504.00 MB
Initial GC threshold: 20.80 MB
Current GC threshold: 58.88 MB
CDS: off

CodeHeap 'non-profiled nmethods': size=120000Kb used=1503Kb max_used=1503Kb free=118497Kb
 bounds [0x000002a5a5bf0000, 0x000002a5a5e60000, 0x000002a5ad120000]
CodeHeap 'profiled nmethods': size=120000Kb used=7106Kb max_used=7106Kb free=112893Kb
 bounds [0x000002a59e6c0000, 0x000002a59edc0000, 0x000002a5a5bf0000]
CodeHeap 'non-nmethods': size=5760Kb used=1578Kb max_used=1590Kb free=4181Kb
 bounds [0x000002a59e120000, 0x000002a59e390000, 0x000002a59e6c0000]
 total_blobs=3939 nmethods=3313 adapters=538
 compilation: enabled
              stopped_count=0, restarted_count=0
 full_count=0

Compilation events (20 events):
Event: 41.235 Thread 0x000002a5b4ab4000 nmethod 3233 0x000002a59ed72610 code [0x000002a59ed72860, 0x000002a59ed73008]
Event: 41.235 Thread 0x000002a5b4ab4000 3235       3       java.util.stream.Sink$ChainedReference::cancellationRequested (10 bytes)
Event: 41.235 Thread 0x000002a5b4ab4000 nmethod 3235 0x000002a59ed73290 code [0x000002a59ed73440, 0x000002a59ed73608]
Event: 41.235 Thread 0x000002a5b4ab4000 3230   !   3       java.nio.file.FileTreeWalker::visit (204 bytes)
Event: 41.238 Thread 0x000002a5b4ab4000 nmethod 3230 0x000002a59ed73710 code [0x000002a59ed73ae0, 0x000002a59ed758f8]
Event: 41.238 Thread 0x000002a5b4ab4000 3223       1       jdk.internal.jrtfs.JrtPath::toString (5 bytes)
Event: 41.238 Thread 0x000002a5b4ab4000 nmethod 3223 0x000002a5a5d66c10 code [0x000002a5a5d66dc0, 0x000002a5a5d66e78]
Event: 41.238 Thread 0x000002a5b4ab4000 3236       3       jdk.internal.jrtfs.JrtPath::getResolved (50 bytes)
Event: 41.240 Thread 0x000002a5b4ab4000 nmethod 3236 0x000002a59ed76290 code [0x000002a59ed764e0, 0x000002a59ed76cd8]
Event: 41.240 Thread 0x000002a5b4ab4000 3238       3       java.util.stream.SpinedBuffer::clear (88 bytes)
Event: 41.240 Thread 0x000002a5b4ab4000 nmethod 3238 0x000002a59ed77010 code [0x000002a59ed77220, 0x000002a59ed778f8]
Event: 41.240 Thread 0x000002a5b4ab4000 3239       3       java.util.Spliterators$1Adapter::hasNext (23 bytes)
Event: 41.241 Thread 0x000002a5b4ab4000 nmethod 3239 0x000002a59ed77b10 code [0x000002a59ed77cc0, 0x000002a59ed77ee8]
Event: 41.241 Thread 0x000002a5b4ab4000 3240       3       jdk.internal.jimage.ImageReader::ensureOpen (18 bytes)
Event: 41.241 Thread 0x000002a5b4ab4000 nmethod 3240 0x000002a59ed77f90 code [0x000002a59ed78160, 0x000002a59ed78368]
Event: 41.241 Thread 0x000002a5b4ab4000 3241  s    3       jdk.internal.jimage.ImageReader$SharedImageReader::buildRootDirectory (71 bytes)
Event: 41.243 Thread 0x000002a5b4ab4000 nmethod 3241 0x000002a59ed78410 code [0x000002a59ed787a0, 0x000002a59ed7a128]
Event: 41.243 Thread 0x000002a5b4ab4000 3237       3       jdk.internal.jrtfs.JrtPath::toAbsolutePath (44 bytes)
Event: 41.245 Thread 0x000002a5b4ab4000 nmethod 3237 0x000002a59ed7a910 code [0x000002a59ed7abe0, 0x000002a59ed7bae8]
Event: 41.245 Thread 0x000002a5b4ab4000 3248       3       jdk.internal.jimage.ImageReader$SharedImageReader::makeDirectories (54 bytes)

GC Heap History (12 events):
Event: 32.844 GC heap before
{Heap before GC invocations=0 (full 0):
 garbage-first heap   total 131072K, used 27648K [0x0000000080000000, 0x0000000100000000)
  region size 1024K, 24 young (24576K), 0 survivors (0K)
 Metaspace       used 10093K, capacity 10342K, committed 10624K, reserved 526336K
  class space    used 1023K, capacity 1107K, committed 1152K, reserved 516096K
}
Event: 32.853 GC heap after
{Heap after GC invocations=1 (full 0):
 garbage-first heap   total 131072K, used 10674K [0x0000000080000000, 0x0000000100000000)
  region size 1024K, 3 young (3072K), 3 survivors (3072K)
 Metaspace       used 10093K, capacity 10342K, committed 10624K, reserved 526336K
  class space    used 1023K, capacity 1107K, committed 1152K, reserved 516096K
}
Event: 37.733 GC heap before
{Heap before GC invocations=1 (full 0):
 garbage-first heap   total 131072K, used 86450K [0x0000000080000000, 0x0000000100000000)
  region size 1024K, 76 young (77824K), 3 survivors (3072K)
 Metaspace       used 18560K, capacity 18928K, committed 19072K, reserved 534528K
  class space    used 2153K, capacity 2310K, committed 2432K, reserved 516096K
}
Event: 37.744 GC heap after
{Heap after GC invocations=2 (full 0):
 garbage-first heap   total 131072K, used 17323K [0x0000000080000000, 0x0000000100000000)
  region size 1024K, 10 young (10240K), 10 survivors (10240K)
 Metaspace       used 18560K, capacity 18928K, committed 19072K, reserved 534528K
  class space    used 2153K, capacity 2310K, committed 2432K, reserved 516096K
}
Event: 38.097 GC heap before
{Heap before GC invocations=2 (full 0):
 garbage-first heap   total 131072K, used 35755K [0x0000000080000000, 0x0000000100000000)
  region size 1024K, 29 young (29696K), 10 survivors (10240K)
 Metaspace       used 20807K, capacity 21210K, committed 21296K, reserved 536576K
  class space    used 2488K, capacity 2654K, committed 2688K, reserved 516096K
}
Event: 38.108 GC heap after
{Heap after GC invocations=3 (full 0):
 garbage-first heap   total 131072K, used 18244K [0x0000000080000000, 0x0000000100000000)
  region size 1024K, 1 young (1024K), 1 survivors (1024K)
 Metaspace       used 20807K, capacity 21210K, committed 21296K, reserved 536576K
  class space    used 2488K, capacity 2654K, committed 2688K, reserved 516096K
}
Event: 39.375 GC heap before
{Heap before GC invocations=4 (full 0):
 garbage-first heap   total 131072K, used 73540K [0x0000000080000000, 0x0000000100000000)
  region size 1024K, 56 young (57344K), 1 survivors (1024K)
 Metaspace       used 25958K, capacity 26556K, committed 26800K, reserved 540672K
  class space    used 3318K, capacity 3524K, committed 3584K, reserved 516096K
}
Event: 39.380 GC heap after
{Heap after GC invocations=5 (full 0):
 garbage-first heap   total 131072K, used 20245K [0x0000000080000000, 0x0000000100000000)
  region size 1024K, 3 young (3072K), 3 survivors (3072K)
 Metaspace       used 25958K, capacity 26556K, committed 26800K, reserved 540672K
  class space    used 3318K, capacity 3524K, committed 3584K, reserved 516096K
}
Event: 40.427 GC heap before
{Heap before GC invocations=5 (full 0):
 garbage-first heap   total 131072K, used 81685K [0x0000000080000000, 0x0000000100000000)
  region size 1024K, 63 young (64512K), 3 survivors (3072K)
 Metaspace       used 31711K, capacity 32499K, committed 32688K, reserved 544768K
  class space    used 4186K, capacity 4511K, committed 4608K, reserved 516096K
}
Event: 40.433 GC heap after
{Heap after GC invocations=6 (full 0):
 garbage-first heap   total 131072K, used 21934K [0x0000000080000000, 0x0000000100000000)
  region size 1024K, 5 young (5120K), 5 survivors (5120K)
 Metaspace       used 31711K, capacity 32499K, committed 32688K, reserved 544768K
  class space    used 4186K, capacity 4511K, committed 4608K, reserved 516096K
}
Event: 40.811 GC heap before
{Heap before GC invocations=6 (full 0):
 garbage-first heap   total 131072K, used 33198K [0x0000000080000000, 0x0000000100000000)
  region size 1024K, 17 young (17408K), 5 survivors (5120K)
 Metaspace       used 35027K, capacity 35826K, committed 35920K, reserved 548864K
  class space    used 4480K, capacity 4812K, committed 4864K, reserved 516096K
}
Event: 40.823 GC heap after
{Heap after GC invocations=7 (full 0):
 garbage-first heap   total 131072K, used 23872K [0x0000000080000000, 0x0000000100000000)
  region size 1024K, 7 young (7168K), 7 survivors (7168K)
 Metaspace       used 35027K, capacity 35826K, committed 35920K, reserved 548864K
  class space    used 4480K, capacity 4812K, committed 4864K, reserved 516096K
}

Deoptimization events (20 events):
Event: 40.937 Thread 0x000002a5b6b64000 DEOPT PACKING pc=0x000002a59ece1af9 sp=0x000000d367df5c20
Event: 40.937 Thread 0x000002a5b6b64000 DEOPT UNPACKING pc=0x000002a59e16a95e sp=0x000000d367df5168 mode 0
Event: 40.944 Thread 0x000002a5b6b64000 Uncommon trap: trap_request=0xffffff5c fr.pc=0x000002a5a5ca6f18 relative=0x0000000000000b78
Event: 40.944 Thread 0x000002a5b6b64000 Uncommon trap: reason=speculate_null_assert action=make_not_entrant pc=0x000002a5a5ca6f18 method=jdk.internal.loader.URLClassPath$JarLoader.getResource(Ljava/lang/String;ZLjava/util/Set;)Ljdk/internal/loader/Resource; @ 17 c2
Event: 40.944 Thread 0x000002a5b6b64000 DEOPT PACKING pc=0x000002a5a5ca6f18 sp=0x000000d367df4d10
Event: 40.944 Thread 0x000002a5b6b64000 DEOPT UNPACKING pc=0x000002a59e16a1af sp=0x000000d367df4ca8 mode 2
Event: 41.033 Thread 0x000002a5b6b64000 Uncommon trap: trap_request=0xffffff4d fr.pc=0x000002a5a5c7e98c relative=0x000000000000156c
Event: 41.033 Thread 0x000002a5b6b64000 Uncommon trap: reason=unstable_if action=reinterpret pc=0x000002a5a5c7e98c method=sun.nio.fs.WindowsPathParser.isSlash(C)Z @ 9 c2
Event: 41.033 Thread 0x000002a5b6b64000 DEOPT PACKING pc=0x000002a5a5c7e98c sp=0x000000d367df8f90
Event: 41.033 Thread 0x000002a5b6b64000 DEOPT UNPACKING pc=0x000002a59e16a1af sp=0x000000d367df8f20 mode 2
Event: 41.033 Thread 0x000002a5b6b64000 Uncommon trap: trap_request=0xffffff4d fr.pc=0x000002a5a5c0985c relative=0x000000000000003c
Event: 41.033 Thread 0x000002a5b6b64000 Uncommon trap: reason=unstable_if action=reinterpret pc=0x000002a5a5c0985c method=sun.nio.fs.WindowsPathParser.isSlash(C)Z @ 9 c2
Event: 41.033 Thread 0x000002a5b6b64000 DEOPT PACKING pc=0x000002a5a5c0985c sp=0x000000d367df8f90
Event: 41.033 Thread 0x000002a5b6b64000 DEOPT UNPACKING pc=0x000002a59e16a1af sp=0x000000d367df8f18 mode 2
Event: 41.042 Thread 0x000002a5b6b64000 Uncommon trap: trap_request=0xffffffc6 fr.pc=0x000002a5a5d22794 relative=0x0000000000005074
Event: 41.042 Thread 0x000002a5b6b64000 Uncommon trap: reason=bimorphic_or_optimized_type_check action=maybe_recompile pc=0x000002a5a5d22794 method=java.net.URL.<init>(Ljava/net/URL;Ljava/lang/String;Ljava/net/URLStreamHandler;)V @ 504 c2
Event: 41.042 Thread 0x000002a5b6b64000 DEOPT PACKING pc=0x000002a5a5d22794 sp=0x000000d367df70b0
Event: 41.042 Thread 0x000002a5b6b64000 DEOPT UNPACKING pc=0x000002a59e16a1af sp=0x000000d367df7050 mode 2
Event: 41.176 Thread 0x000002a5b6b64000 DEOPT PACKING pc=0x000002a59ece1af9 sp=0x000000d367df81d0
Event: 41.176 Thread 0x000002a5b6b64000 DEOPT UNPACKING pc=0x000002a59e16a95e sp=0x000000d367df7718 mode 0

Classes redefined (0 events):
No events

Internal exceptions (20 events):
Event: 40.255 Thread 0x000002a5b6b64000 Exception <a 'java/lang/NoSuchMethodError'{0x0000000084d96880}: 'java.lang.Object java.lang.invoke.Invokers$Holder.linkToTargetMethod(java.lang.Object, java.lang.Object, java.lang.Object, java.lang.Object, java.lang.Object, java.lang.Object, java.lang.Object, java.lang.Object)'> (0x0000000084d96880) thrown at [s\src\hotspot\share\interpreter\linkResolver.cpp, line 773]
Event: 40.261 Thread 0x000002a5b6b64000 Exception <a 'java/lang/IncompatibleClassChangeError'{0x0000000084c189f8}: Found class java.lang.Object, but interface was expected> (0x0000000084c189f8) thrown at [s\src\hotspot\share\interpreter\linkResolver.cpp, line 839]
Event: 40.377 Thread 0x000002a5b6b64000 Exception <a 'java/lang/NoSuchMethodError'{0x000000008427e7c8}: 'java.lang.Object java.lang.invoke.Invokers$Holder.linkToTargetMethod(java.lang.Object, int, int, java.lang.Object)'> (0x000000008427e7c8) thrown at [s\src\hotspot\share\interpreter\linkResolver.cpp, line 773]
Event: 40.380 Thread 0x000002a5b6b64000 Exception <a 'java/lang/NoSuchMethodError'{0x00000000842952b8}: 'java.lang.Object java.lang.invoke.DirectMethodHandle$Holder.invokeStatic(java.lang.Object, java.lang.Object, int, int, java.lang.Object, java.lang.Object)'> (0x00000000842952b8) thrown at [s\src\hotspot\share\interpreter\linkResolver.cpp, line 773]
Event: 40.567 Thread 0x000002a5b6b64000 Exception <a 'java/lang/NoSuchMethodError'{0x0000000087bf6820}: 'void java.lang.invoke.DirectMethodHandle$Holder.invokeStaticInit(java.lang.Object, java.lang.Object, java.lang.Object)'> (0x0000000087bf6820) thrown at [s\src\hotspot\share\interpreter\linkResolver.cpp, line 773]
Event: 40.568 Thread 0x000002a5b6b64000 Exception <a 'java/lang/NoSuchMethodError'{0x0000000087bfda38}: 'void java.lang.invoke.DirectMethodHandle$Holder.invokeStaticInit(java.lang.Object, java.lang.Object, java.lang.Object, java.lang.Object)'> (0x0000000087bfda38) thrown at [s\src\hotspot\share\interpreter\linkResolver.cpp, line 773]
Event: 40.574 Thread 0x000002a5b6b64000 Exception <a 'java/lang/NoSuchMethodError'{0x0000000087a208d0}: 'void java.lang.invoke.DirectMethodHandle$Holder.invokeStaticInit(java.lang.Object, java.lang.Object, java.lang.Object, java.lang.Object, java.lang.Object)'> (0x0000000087a208d0) thrown at [s\src\hotspot\share\interpreter\linkResolver.cpp, line 773]
Event: 40.575 Thread 0x000002a5b6b64000 Exception <a 'java/lang/NoSuchMethodError'{0x0000000087a28268}: 'int java.lang.invoke.DirectMethodHandle$Holder.invokeStaticInit(java.lang.Object, java.lang.Object, java.lang.Object)'> (0x0000000087a28268) thrown at [s\src\hotspot\share\interpreter\linkResolver.cpp, line 773]
Event: 40.628 Thread 0x000002a5b6b64000 Exception <a 'java/lang/NoSuchMethodError'{0x0000000087a858c8}: 'int java.lang.invoke.DirectMethodHandle$Holder.invokeStaticInit(java.lang.Object, java.lang.Object, java.lang.Object, java.lang.Object)'> (0x0000000087a858c8) thrown at [s\src\hotspot\share\interpreter\linkResolver.cpp, line 773]
Event: 40.935 Thread 0x000002a5b6b64000 Exception <a 'java/lang/NoSuchMethodError'{0x0000000087d733d8}: 'java.lang.Object java.lang.invoke.DirectMethodHandle$Holder.invokeStatic(java.lang.Object, java.lang.Object, java.lang.Object, java.lang.Object, java.lang.Object, java.lang.Object, java.lang.Object, java.lang.Object, java.lang.Object, java.lang.Object, java.lang.Object, int)'> (0x0000000087d733d8) thrown at [s\src\hotspot\share\interpreter\linkResolver.cpp, line 773]
Event: 40.938 Thread 0x000002a5b6b64000 Exception <a 'java/lang/NoSuchMethodError'{0x0000000087d92240}: 'java.lang.Object java.lang.invoke.DirectMethodHandle$Holder.invokeStatic(java.lang.Object, java.lang.Object, java.lang.Object, java.lang.Object, java.lang.Object, java.lang.Object, java.lang.Object, java.lang.Object, java.lang.Object, java.lang.Object, java.lang.Object, int, int)'> (0x0000000087d92240) thrown at [s\src\hotspot\share\interpreter\linkResolver.cpp, line 773]
Event: 40.941 Thread 0x000002a5b6b64000 Exception <a 'java/lang/NoSuchMethodError'{0x0000000087db1d18}: 'java.lang.Object java.lang.invoke.DirectMethodHandle$Holder.invokeStatic(java.lang.Object, java.lang.Object, java.lang.Object, java.lang.Object, java.lang.Object, java.lang.Object, java.lang.Object, java.lang.Object, java.lang.Object, java.lang.Object, java.lang.Object, int, int, java.lang.Object)'> (0x0000000087db1d18) thrown at [s\src\hotspot\share\interpreter\linkResolver.cpp, line 773]
Event: 40.943 Thread 0x000002a5b6b64000 Exception <a 'java/lang/NoSuchMethodError'{0x0000000087dd30b8}: 'java.lang.Object java.lang.invoke.DirectMethodHandle$Holder.invokeStatic(java.lang.Object, java.lang.Object, java.lang.Object, java.lang.Object, java.lang.Object, java.lang.Object, java.lang.Object, java.lang.Object, java.lang.Object, java.lang.Object, java.lang.Object, int, int, java.lang.Object, java.lang.Object)'> (0x0000000087dd30b8) thrown at [s\src\hotspot\share\interpreter\linkResolver.cpp, line 773]
Event: 40.946 Thread 0x000002a5b6b64000 Exception <a 'java/lang/ClassNotFoundException'{0x0000000087c03dd0}: groovy/lang/ExpandoMetaClassBeanInfo> (0x0000000087c03dd0) thrown at [s\src\hotspot\share\classfile\systemDictionary.cpp, line 230]
Event: 40.947 Thread 0x000002a5b6b64000 Exception <a 'java/lang/ClassNotFoundException'{0x0000000087c247b8}: groovy/lang/MetaClassImplBeanInfo> (0x0000000087c247b8) thrown at [s\src\hotspot\share\classfile\systemDictionary.cpp, line 230]
Event: 40.948 Thread 0x000002a5b6b64000 Exception <a 'java/lang/ClassNotFoundException'{0x0000000087c2dff0}: java/lang/ObjectBeanInfo> (0x0000000087c2dff0) thrown at [s\src\hotspot\share\classfile\systemDictionary.cpp, line 230]
Event: 40.949 Thread 0x000002a5b6b64000 Exception <a 'java/lang/ClassNotFoundException'{0x0000000087c399b8}: java/lang/ObjectCustomizer> (0x0000000087c399b8) thrown at [s\src\hotspot\share\classfile\systemDictionary.cpp, line 230]
Event: 40.955 Thread 0x000002a5b6b64000 Exception <a 'java/lang/ClassNotFoundException'{0x0000000087c612b0}: groovy/lang/MetaClassImplCustomizer> (0x0000000087c612b0) thrown at [s\src\hotspot\share\classfile\systemDictionary.cpp, line 230]
Event: 40.959 Thread 0x000002a5b6b64000 Exception <a 'java/lang/ClassNotFoundException'{0x0000000087ca19a0}: groovy/lang/ExpandoMetaClassCustomizer> (0x0000000087ca19a0) thrown at [s\src\hotspot\share\classfile\systemDictionary.cpp, line 230]
Event: 41.122 Thread 0x000002a5b6b64000 Exception <a 'java/lang/NoSuchMethodError'{0x0000000087780010}: 'java.lang.Object java.lang.invoke.DirectMethodHandle$Holder.invokeStatic(java.lang.Object, int, java.lang.Object)'> (0x0000000087780010) thrown at [s\src\hotspot\share\interpreter\linkResolver.cpp, line 773]

Events (20 events):
Event: 41.199 loading class jdk/internal/jimage/ImageReader$Directory
Event: 41.200 loading class jdk/internal/jimage/ImageReader$Node
Event: 41.200 loading class jdk/internal/jimage/ImageReader$Node done
Event: 41.200 loading class jdk/internal/jimage/ImageReader$Directory done
Event: 41.200 loading class jdk/internal/jrtfs/SystemImage$1
Event: 41.200 loading class jdk/internal/jrtfs/SystemImage$1 done
Event: 41.200 loading class jdk/internal/jimage/ImageReader$SharedImageReader$LocationVisitor
Event: 41.201 loading class jdk/internal/jimage/ImageReader$SharedImageReader$LocationVisitor done
Event: 41.201 loading class java/nio/ByteBufferAsIntBufferL
Event: 41.204 loading class java/nio/ByteBufferAsIntBufferL done
Event: 41.204 loading class jdk/internal/jrtfs/JrtFileAttributes
Event: 41.204 loading class jdk/internal/jrtfs/JrtFileAttributes done
Event: 41.205 loading class jdk/internal/jrtfs/JrtDirectoryStream
Event: 41.205 loading class jdk/internal/jrtfs/JrtDirectoryStream done
Event: 41.206 loading class jdk/internal/jrtfs/JrtDirectoryStream$1
Event: 41.206 loading class jdk/internal/jrtfs/JrtDirectoryStream$1 done
Event: 41.207 loading class java/util/function/BooleanSupplier
Event: 41.207 loading class java/util/function/BooleanSupplier done
Event: 41.208 loading class jdk/internal/jimage/ImageReader$Resource
Event: 41.208 loading class jdk/internal/jimage/ImageReader$Resource done


Dynamic libraries:
0x00007ff6a3e10000 - 0x00007ff6a3e1d000 	C:\Program Files\Microsoft\jdk-11.0.20.8-hotspot\bin\java.exe
0x00007ff9dd370000 - 0x00007ff9dd568000 	C:\WINDOWS\SYSTEM32\ntdll.dll
0x00007ff9db640000 - 0x00007ff9db6fd000 	C:\WINDOWS\System32\KERNEL32.DLL
0x00007ff9dac50000 - 0x00007ff9daf46000 	C:\WINDOWS\System32\KERNELBASE.dll
0x00007ff9db120000 - 0x00007ff9db220000 	C:\WINDOWS\System32\ucrtbase.dll
0x00007ff9c04f0000 - 0x00007ff9c0505000 	C:\Program Files\Microsoft\jdk-11.0.20.8-hotspot\bin\VCRUNTIME140.dll
0x00007ff9bd980000 - 0x00007ff9bd997000 	C:\Program Files\Microsoft\jdk-11.0.20.8-hotspot\bin\jli.dll
0x00007ff9dd190000 - 0x00007ff9dd32e000 	C:\WINDOWS\System32\USER32.dll
0x00007ff9db0f0000 - 0x00007ff9db112000 	C:\WINDOWS\System32\win32u.dll
0x00007ff9db760000 - 0x00007ff9db78c000 	C:\WINDOWS\System32\GDI32.dll
0x00007ff9db2b0000 - 0x00007ff9db3ca000 	C:\WINDOWS\System32\gdi32full.dll
0x00007ff9dafa0000 - 0x00007ff9db03d000 	C:\WINDOWS\System32\msvcp_win.dll
0x00007ff9ba960000 - 0x00007ff9babfa000 	C:\WINDOWS\WinSxS\amd64_microsoft.windows.common-controls_6595b64144ccf1df_6.0.19041.3636_none_60b6a03d71f818d5\COMCTL32.dll
0x00007ff9dbb20000 - 0x00007ff9dbbbe000 	C:\WINDOWS\System32\msvcrt.dll
0x00007ff9dbaf0000 - 0x00007ff9dbb20000 	C:\WINDOWS\System32\IMM32.DLL
0x00007ff993590000 - 0x00007ff99362b000 	C:\Program Files\Microsoft\jdk-11.0.20.8-hotspot\bin\msvcp140.dll
0x00007ff98b420000 - 0x00007ff98bfb6000 	C:\Program Files\Microsoft\jdk-11.0.20.8-hotspot\bin\server\jvm.dll
0x00007ff9dc0d0000 - 0x00007ff9dc17f000 	C:\WINDOWS\System32\ADVAPI32.dll
0x00007ff9dbbc0000 - 0x00007ff9dbc5c000 	C:\WINDOWS\System32\sechost.dll
0x00007ff9db4e0000 - 0x00007ff9db606000 	C:\WINDOWS\System32\RPCRT4.dll
0x00007ff9dc180000 - 0x00007ff9dc188000 	C:\WINDOWS\System32\PSAPI.DLL
0x00007ff9cdf60000 - 0x00007ff9cdf6a000 	C:\WINDOWS\SYSTEM32\VERSION.dll
0x00007ff9be060000 - 0x00007ff9be087000 	C:\WINDOWS\SYSTEM32\WINMM.dll
0x00007ff9d27b0000 - 0x00007ff9d27b9000 	C:\WINDOWS\SYSTEM32\WSOCK32.dll
0x00007ff9dba10000 - 0x00007ff9dba7b000 	C:\WINDOWS\System32\WS2_32.dll
0x00007ff9d92a0000 - 0x00007ff9d92b2000 	C:\WINDOWS\SYSTEM32\kernel.appcore.dll
0x00007ff9c0170000 - 0x00007ff9c0180000 	C:\Program Files\Microsoft\jdk-11.0.20.8-hotspot\bin\verify.dll
0x00007ff9d4f70000 - 0x00007ff9d5154000 	C:\WINDOWS\SYSTEM32\DBGHELP.DLL
0x00007ff9b7b50000 - 0x00007ff9b7b84000 	C:\WINDOWS\SYSTEM32\dbgcore.DLL
0x00007ff9db220000 - 0x00007ff9db2a2000 	C:\WINDOWS\System32\bcryptPrimitives.dll
0x00007ff9b9b40000 - 0x00007ff9b9b68000 	C:\Program Files\Microsoft\jdk-11.0.20.8-hotspot\bin\java.dll
0x00007ff9bdb60000 - 0x00007ff9bdb6a000 	C:\Program Files\Microsoft\jdk-11.0.20.8-hotspot\bin\jimage.dll
0x00007ff9bd960000 - 0x00007ff9bd978000 	C:\Program Files\Microsoft\jdk-11.0.20.8-hotspot\bin\zip.dll
0x00007ff9dc370000 - 0x00007ff9dcab4000 	C:\WINDOWS\System32\SHELL32.dll
0x00007ff9d5160000 - 0x00007ff9d58fb000 	C:\WINDOWS\SYSTEM32\windows.storage.dll
0x00007ff9dcdb0000 - 0x00007ff9dd104000 	C:\WINDOWS\System32\combase.dll
0x00007ff9da490000 - 0x00007ff9da4bd000 	C:\WINDOWS\SYSTEM32\Wldp.dll
0x00007ff9db430000 - 0x00007ff9db4dd000 	C:\WINDOWS\System32\SHCORE.dll
0x00007ff9dcd50000 - 0x00007ff9dcda5000 	C:\WINDOWS\System32\shlwapi.dll
0x00007ff9da980000 - 0x00007ff9da9a5000 	C:\WINDOWS\SYSTEM32\profapi.dll
0x00007ff9bc4a0000 - 0x00007ff9bc4b9000 	C:\Program Files\Microsoft\jdk-11.0.20.8-hotspot\bin\net.dll
0x00007ff9ca270000 - 0x00007ff9ca37a000 	C:\WINDOWS\SYSTEM32\WINHTTP.dll
0x00007ff9da1f0000 - 0x00007ff9da25a000 	C:\WINDOWS\system32\mswsock.dll
0x00007ff9bc1a0000 - 0x00007ff9bc1b3000 	C:\Program Files\Microsoft\jdk-11.0.20.8-hotspot\bin\nio.dll
0x00007ff9a8380000 - 0x00007ff9a83a7000 	C:\Users\chand\.gradle\native\68d5fa5c4cc2d200863cafc0d521ce42e7d3e7ee720ec0a83991735586a16f82\windows-amd64\native-platform.dll
0x00007ff98eef0000 - 0x00007ff98f034000 	C:\Users\chand\.gradle\native\e376f236ea51e6404a007f0833ffe2c6e607c4080706a723a18a27aeea778392\windows-amd64\native-platform-file-events.dll
0x00007ff9ba900000 - 0x00007ff9ba909000 	C:\Program Files\Microsoft\jdk-11.0.20.8-hotspot\bin\management.dll
0x00007ff9b8c20000 - 0x00007ff9b8c2b000 	C:\Program Files\Microsoft\jdk-11.0.20.8-hotspot\bin\management_ext.dll
0x00007ff9da3e0000 - 0x00007ff9da3f8000 	C:\WINDOWS\SYSTEM32\CRYPTSP.dll
0x00007ff9d9ab0000 - 0x00007ff9d9ae4000 	C:\WINDOWS\system32\rsaenh.dll
0x00007ff9daa50000 - 0x00007ff9daa77000 	C:\WINDOWS\System32\bcrypt.dll
0x00007ff9da900000 - 0x00007ff9da92e000 	C:\WINDOWS\SYSTEM32\USERENV.dll
0x00007ff9da400000 - 0x00007ff9da40c000 	C:\WINDOWS\SYSTEM32\CRYPTBASE.dll
0x00007ff9d9e90000 - 0x00007ff9d9ecb000 	C:\WINDOWS\SYSTEM32\IPHLPAPI.DLL
0x00007ff9db630000 - 0x00007ff9db638000 	C:\WINDOWS\System32\NSI.dll
0x00007ff9cb490000 - 0x00007ff9cb4a7000 	C:\WINDOWS\SYSTEM32\dhcpcsvc6.DLL
0x00007ff9cd590000 - 0x00007ff9cd5ad000 	C:\WINDOWS\SYSTEM32\dhcpcsvc.DLL
0x00007ff9d9ed0000 - 0x00007ff9d9f9a000 	C:\WINDOWS\SYSTEM32\DNSAPI.dll

dbghelp: loaded successfully - version: 4.0.5 - missing functions: none
symbol engine: initialized successfully - sym options: 0x614 - pdb path: .;C:\Program Files\Microsoft\jdk-11.0.20.8-hotspot\bin;C:\WINDOWS\SYSTEM32;C:\WINDOWS\WinSxS\amd64_microsoft.windows.common-controls_6595b64144ccf1df_6.0.19041.3636_none_60b6a03d71f818d5;C:\Program Files\Microsoft\jdk-11.0.20.8-hotspot\bin\server;C:\Users\chand\.gradle\native\68d5fa5c4cc2d200863cafc0d521ce42e7d3e7ee720ec0a83991735586a16f82\windows-amd64;C:\Users\chand\.gradle\native\e376f236ea51e6404a007f0833ffe2c6e607c4080706a723a18a27aeea778392\windows-amd64

VM Arguments:
jvm_args: -XX:MaxMetaspaceSize=512m --add-opens=java.base/java.util=ALL-UNNAMED --add-opens=java.base/java.lang=ALL-UNNAMED --add-opens=java.base/java.lang.invoke=ALL-UNNAMED --add-opens=java.prefs/java.util.prefs=ALL-UNNAMED --add-opens=java.base/java.nio.charset=ALL-UNNAMED --add-opens=java.base/java.net=ALL-UNNAMED --add-opens=java.base/java.util.concurrent.atomic=ALL-UNNAMED -Xmx2048m -Dfile.encoding=UTF-8 -Duser.country=IN -Duser.language=en -Duser.variant 
java_command: org.gradle.launcher.daemon.bootstrap.GradleDaemon 8.0.1
java_class_path (initial): C:\Users\chand\.gradle\wrapper\dists\gradle-8.0.1-all\aro4hu1c3oeioove7l0i4i14o\gradle-8.0.1\lib\gradle-launcher-8.0.1.jar
Launcher Type: SUN_STANDARD

[Global flags]
     intx CICompilerCount                          = 4                                         {product} {ergonomic}
   size_t CompressedClassSpaceSize                 = 528482304                                 {product} {ergonomic}
     uint ConcGCThreads                            = 2                                         {product} {ergonomic}
     uint G1ConcRefinementThreads                  = 8                                         {product} {ergonomic}
   size_t G1HeapRegionSize                         = 1048576                                   {product} {ergonomic}
    uintx GCDrainStackTargetSize                   = 64                                        {product} {ergonomic}
   size_t InitialHeapSize                          = 134217728                                 {product} {ergonomic}
   size_t MarkStackSize                            = 4194304                                   {product} {ergonomic}
   size_t MaxHeapSize                              = 2147483648                                {product} {command line}
   size_t MaxMetaspaceSize                         = 536870912                                 {product} {command line}
   size_t MaxNewSize                               = 1287651328                                {product} {ergonomic}
   size_t MinHeapDeltaBytes                        = 1048576                                   {product} {ergonomic}
    uintx NonNMethodCodeHeapSize                   = 5836300                                {pd product} {ergonomic}
    uintx NonProfiledCodeHeapSize                  = 122910970                              {pd product} {ergonomic}
    uintx ProfiledCodeHeapSize                     = 122910970                              {pd product} {ergonomic}
    uintx ReservedCodeCacheSize                    = 251658240                              {pd product} {ergonomic}
     bool SegmentedCodeCache                       = true                                      {product} {ergonomic}
     bool UseCompressedClassPointers               = true                                 {lp64_product} {ergonomic}
     bool UseCompressedOops                        = true                                 {lp64_product} {ergonomic}
     bool UseG1GC                                  = true                                      {product} {ergonomic}
     bool UseLargePagesIndividualAllocation        = false                                  {pd product} {ergonomic}

Logging:
Log output configuration:
 #0: stdout all=warning uptime,level,tags
 #1: stderr all=off uptime,level,tags

Environment Variables:
JAVA_HOME=C:\Program Files\Microsoft\jdk-11.0.20.8-hotspot\
CLASSPATH=E:\BRAINHUB\reactNativeOpenCvTutorial\android\\gradle\wrapper\gradle-wrapper.jar
PATH=E:\BRAINHUB\reactNativeOpenCvTutorial\node_modules\.bin;E:\BRAINHUB\node_modules\.bin;E:\node_modules\.bin;C:\Users\chand\AppData\Roaming\nvm\v18.18.2\node_modules\npm\node_modules\@npmcli\run-script\lib\node-gyp-bin;C:\Program Files\Microsoft\jdk-11.0.20.8-hotspot\bin;C:\Program Files\Common Files\Oracle\Java\javapath;C:\Python312\Scripts\;C:\Python312\;C:\windows\system32;C:\windows;C:\windows\System32\Wbem;C:\windows\System32\WindowsPowerShell\v1.0\;C:\windows\System32\OpenSSH\;C:\Program Files (x86)\NVIDIA Corporation\PhysX\Common;C:\Program Files\NVIDIA Corporation\NVIDIA NvDLISR;C:\WINDOWS\system32;C:\WINDOWS;C:\WINDOWS\System32\Wbem;C:\WINDOWS\System32\WindowsPowerShell\v1.0\;C:\WINDOWS\System32\OpenSSH\;C:\Program Files\Git\cmd;C:\ProgramData\chocolatey\bin;C:\Program Files\Java\jdk-21\bin;C:\Users\chand\AppData\Roaming\nvm;C:\Program Files\nodejs;C:\Users\chand\AppData\Local\Android\Sdk\tools;C:\Users\chand\AppData\Local\Microsoft\WindowsApps;C:\Users\chand\AppData\Local\Programs\Microsoft VS Code\bin;C:\Users\chand\AppData\Roaming\npm;C:\Program Files\Java\jdk-21\bin;C:\Users\chand\AppData\Roaming\nvm;C:\Program Files\nodejs;C:\Users\chand\AppData\Local\Android\Sdk\platform-tools;C:\Users\chand\AppData\Local\Android\Sdk\platform-tools;
USERNAME=chand
LANG=en_US.UTF-8
OS=Windows_NT
PROCESSOR_IDENTIFIER=Intel64 Family 6 Model 142 Stepping 11, GenuineIntel
TMP=C:\Users\chand\AppData\Local\Temp
TEMP=C:\Users\chand\AppData\Local\Temp



---------------  S Y S T E M  ---------------

OS: Windows 10 , 64 bit Build 19041 (10.0.19041.3636)
OS uptime: 1 days 0:45 hours

CPU:total 8 (initial active 8) (4 cores per cpu, 2 threads per core) family 6 model 142 stepping 11 microcode 0xde, cmov, cx8, fxsr, mmx, sse, sse2, sse3, ssse3, sse4.1, sse4.2, popcnt, avx, avx2, aes, clmul, erms, 3dnowpref, lzcnt, ht, tsc, tscinvbit, bmi1, bmi2, adx, fma

Memory: 4k page, system-wide physical 8079M (254M free)
TotalPageFile size 32655M (AvailPageFile size 0M)
current process WorkingSet (physical memory assigned to process): 219M, peak: 219M
current process commit charge ("private bytes"): 294M, peak: 295M

vm_info: OpenJDK 64-Bit Server VM (11.0.20+8-LTS) for windows-amd64 JRE (11.0.20+8-LTS), built on Jul  7 2023 17:05:21 by "MicrosoftCorporation" with MS VC++ 15.9 (VS2017)

END.
