#
# There is insufficient memory for the Java Runtime Environment to continue.
# Native memory allocation (malloc) failed to allocate 1028576 bytes for Chunk::new
# Possible reasons:
#   The system is out of physical RAM or swap space
#   The process is running with CompressedOops enabled, and the Java Heap may be blocking the growth of the native heap
# Possible solutions:
#   Reduce memory load on the system
#   Increase physical memory or swap space
#   Check if swap backing store is full
#   Decrease Java heap size (-Xmx/-Xms)
#   Decrease number of Java threads
#   Decrease Java thread stack sizes (-Xss)
#   Set larger code cache with -XX:ReservedCodeCacheSize=
#   JVM is running with Unscaled Compressed Oops mode in which the Java heap is
#     placed in the first 4GB address space. The Java Heap base address is the
#     maximum limit for the native heap growth. Please use -XX:HeapBaseMinAddress
#     to set the Java Heap base and to place the Java Heap above 4GB virtual address.
# This output file may be truncated or incomplete.
#
#  Out of Memory Error (arena.cpp:197), pid=1308, tid=16900
#
# JRE version: OpenJDK Runtime Environment Microsoft-8035250 (11.0.20+8) (build 11.0.20+8-LTS)
# Java VM: OpenJDK 64-Bit Server VM Microsoft-8035250 (11.0.20+8-LTS, mixed mode, tiered, compressed oops, g1 gc, windows-amd64)
# No core dump will be written. Minidumps are not enabled by default on client versions of Windows
#

---------------  S U M M A R Y ------------

Command Line: -XX:MaxMetaspaceSize=512m --add-opens=java.base/java.util=ALL-UNNAMED --add-opens=java.base/java.lang=ALL-UNNAMED --add-opens=java.base/java.lang.invoke=ALL-UNNAMED --add-opens=java.prefs/java.util.prefs=ALL-UNNAMED --add-opens=java.base/java.nio.charset=ALL-UNNAMED --add-opens=java.base/java.net=ALL-UNNAMED --add-opens=java.base/java.util.concurrent.atomic=ALL-UNNAMED -Xmx2048m -Dfile.encoding=UTF-8 -Duser.country=IN -Duser.language=en -Duser.variant org.gradle.launcher.daemon.bootstrap.GradleDaemon 8.0.1

Host: Intel(R) Core(TM) i7-8565U CPU @ 1.80GHz, 8 cores, 7G,  Windows 10 , 64 bit Build 19041 (10.0.19041.3636)
Time: Tue Nov 28 18:41:35 2023 Eastern Standard Time elapsed time: 69.609072 seconds (0d 0h 1m 9s)

---------------  T H R E A D  ---------------

Current thread (0x000001c37fd27800):  JavaThread "C2 CompilerThread0" daemon [_thread_in_native, id=16900, stack(0x0000008bd7900000,0x0000008bd7a00000)]


Current CompileTask:
C2:  69609 4013   !   4       java.net.URLClassLoader$1::run (81 bytes)

Stack: [0x0000008bd7900000,0x0000008bd7a00000]
Native frames: (J=compiled Java code, j=interpreted, Vv=VM code, C=native code)
V  [jvm.dll+0x62e9da]
V  [jvm.dll+0x7bc4e9]
V  [jvm.dll+0x7bdbd8]
V  [jvm.dll+0x7be2b3]
V  [jvm.dll+0x2505a8]
V  [jvm.dll+0xc263c]
V  [jvm.dll+0xc2bfc]
V  [jvm.dll+0x2c56a4]
V  [jvm.dll+0x536a1c]
V  [jvm.dll+0x211a7b]
V  [jvm.dll+0x20b6b4]
V  [jvm.dll+0x20881b]
V  [jvm.dll+0x18a7de]
V  [jvm.dll+0x2181ec]
V  [jvm.dll+0x21642b]
V  [jvm.dll+0x77efc0]
V  [jvm.dll+0x777db4]
V  [jvm.dll+0x62d845]
C  [ucrtbase.dll+0x21bb2]
C  [KERNEL32.DLL+0x17344]
C  [ntdll.dll+0x526b1]


---------------  P R O C E S S  ---------------

Threads class SMR info:
_java_thread_list=0x000001c3210c03d0, length=36, elements={
0x000001c37e2c1000, 0x000001c37fd18000, 0x000001c37fd11000, 0x000001c31dee2800,
0x000001c37fd22000, 0x000001c37fd24000, 0x000001c37fd27800, 0x000001c37fd2c000,
0x000001c37fd3a000, 0x000001c31e025000, 0x000001c3202f3800, 0x000001c31fa2f800,
0x000001c31f9ca000, 0x000001c320434800, 0x000001c320c31800, 0x000001c31f09e000,
0x000001c320273800, 0x000001c3208a1800, 0x000001c32002f000, 0x000001c31ffea800,
0x000001c31f2cc000, 0x000001c31f2cd000, 0x000001c31f2ce000, 0x000001c31f2cb800,
0x000001c323642000, 0x000001c323643000, 0x000001c323644800, 0x000001c323645800,
0x000001c323643800, 0x000001c32363f800, 0x000001c323640800, 0x000001c323647000,
0x000001c323641000, 0x000001c32364c000, 0x000001c32364e800, 0x000001c323649800
}

Java Threads: ( => current thread )
  0x000001c37e2c1000 JavaThread "main" [_thread_blocked, id=23968, stack(0x0000008bd6d00000,0x0000008bd6e00000)]
  0x000001c37fd18000 JavaThread "Reference Handler" daemon [_thread_blocked, id=12320, stack(0x0000008bd7400000,0x0000008bd7500000)]
  0x000001c37fd11000 JavaThread "Finalizer" daemon [_thread_blocked, id=11032, stack(0x0000008bd7500000,0x0000008bd7600000)]
  0x000001c31dee2800 JavaThread "Signal Dispatcher" daemon [_thread_blocked, id=6336, stack(0x0000008bd7600000,0x0000008bd7700000)]
  0x000001c37fd22000 JavaThread "Attach Listener" daemon [_thread_blocked, id=13344, stack(0x0000008bd7700000,0x0000008bd7800000)]
  0x000001c37fd24000 JavaThread "Service Thread" daemon [_thread_blocked, id=10132, stack(0x0000008bd7800000,0x0000008bd7900000)]
=>0x000001c37fd27800 JavaThread "C2 CompilerThread0" daemon [_thread_in_native, id=16900, stack(0x0000008bd7900000,0x0000008bd7a00000)]
  0x000001c37fd2c000 JavaThread "C1 CompilerThread0" daemon [_thread_blocked, id=25184, stack(0x0000008bd7a00000,0x0000008bd7b00000)]
  0x000001c37fd3a000 JavaThread "Sweeper thread" daemon [_thread_blocked, id=6288, stack(0x0000008bd7b00000,0x0000008bd7c00000)]
  0x000001c31e025000 JavaThread "Common-Cleaner" daemon [_thread_blocked, id=10512, stack(0x0000008bd7c00000,0x0000008bd7d00000)]
  0x000001c3202f3800 JavaThread "Daemon health stats" [_thread_blocked, id=14816, stack(0x0000008bd8100000,0x0000008bd8200000)]
  0x000001c31fa2f800 JavaThread "Incoming local TCP Connector on port 54939" [_thread_in_native, id=11420, stack(0x0000008bd7e00000,0x0000008bd7f00000)]
  0x000001c31f9ca000 JavaThread "Daemon periodic checks" [_thread_blocked, id=24188, stack(0x0000008bd8200000,0x0000008bd8300000)]
  0x000001c320434800 JavaThread "Daemon" [_thread_blocked, id=14352, stack(0x0000008bd8300000,0x0000008bd8400000)]
  0x000001c320c31800 JavaThread "Handler for socket connection from /127.0.0.1:54939 to /127.0.0.1:54940" [_thread_in_native, id=18344, stack(0x0000008bd8400000,0x0000008bd8500000)]
  0x000001c31f09e000 JavaThread "Cancel handler" [_thread_blocked, id=18964, stack(0x0000008bd8500000,0x0000008bd8600000)]
  0x000001c320273800 JavaThread "Daemon worker" [_thread_blocked, id=2868, stack(0x0000008bd8600000,0x0000008bd8700000)]
  0x000001c3208a1800 JavaThread "Asynchronous log dispatcher for DefaultDaemonConnection: socket connection from /127.0.0.1:54939 to /127.0.0.1:54940" [_thread_blocked, id=8592, stack(0x0000008bd8700000,0x0000008bd8800000)]
  0x000001c32002f000 JavaThread "Stdin handler" [_thread_blocked, id=18348, stack(0x0000008bd8800000,0x0000008bd8900000)]
  0x000001c31ffea800 JavaThread "Daemon client event forwarder" [_thread_blocked, id=14740, stack(0x0000008bd8900000,0x0000008bd8a00000)]
  0x000001c31f2cc000 JavaThread "Cache worker for journal cache (C:\Users\chand\.gradle\caches\journal-1)" [_thread_blocked, id=12472, stack(0x0000008bd8f00000,0x0000008bd9000000)]
  0x000001c31f2cd000 JavaThread "File lock request listener" [_thread_in_native, id=18040, stack(0x0000008bd9000000,0x0000008bd9100000)]
  0x000001c31f2ce000 JavaThread "Cache worker for file hash cache (C:\Users\chand\.gradle\caches\8.0.1\fileHashes)" [_thread_in_native, id=6576, stack(0x0000008bd9200000,0x0000008bd9300000)]
  0x000001c31f2cb800 JavaThread "File watcher server" daemon [_thread_in_native, id=7012, stack(0x0000008bd9400000,0x0000008bd9500000)]
  0x000001c323642000 JavaThread "File watcher consumer" daemon [_thread_blocked, id=9624, stack(0x0000008bd9500000,0x0000008bd9600000)]
  0x000001c323643000 JavaThread "Cache worker for checksums cache (E:\BRAINHUB\reactNativeOpenCvTutorial\android\.gradle\8.0.1\checksums)" [_thread_blocked, id=11808, stack(0x0000008bd9600000,0x0000008bd9700000)]
  0x000001c323644800 JavaThread "Cache worker for cache directory md-rule (C:\Users\chand\.gradle\caches\8.0.1\md-rule)" [_thread_blocked, id=18896, stack(0x0000008bd9700000,0x0000008bd9800000)]
  0x000001c323645800 JavaThread "Cache worker for file content cache (C:\Users\chand\.gradle\caches\8.0.1\fileContent)" [_thread_blocked, id=7560, stack(0x0000008bd9800000,0x0000008bd9900000)]
  0x000001c323643800 JavaThread "Cache worker for file hash cache (E:\BRAINHUB\reactNativeOpenCvTutorial\android\.gradle\8.0.1\fileHashes)" [_thread_blocked, id=25328, stack(0x0000008bd9900000,0x0000008bd9a00000)]
  0x000001c32363f800 JavaThread "Cache worker for cache directory md-supplier (C:\Users\chand\.gradle\caches\8.0.1\md-supplier)" [_thread_blocked, id=1196, stack(0x0000008bd9a00000,0x0000008bd9b00000)]
  0x000001c323640800 JavaThread "Cache worker for execution history cache (C:\Users\chand\.gradle\caches\8.0.1\executionHistory)" [_thread_blocked, id=20308, stack(0x0000008bd9b00000,0x0000008bd9c00000)]
  0x000001c323647000 JavaThread "jar transforms" [_thread_blocked, id=20828, stack(0x0000008bd9c00000,0x0000008bd9d00000)]
  0x000001c323641000 JavaThread "jar transforms Thread 2" [_thread_blocked, id=22728, stack(0x0000008bd9d00000,0x0000008bd9e00000)]
  0x000001c32364c000 JavaThread "jar transforms Thread 3" [_thread_blocked, id=11716, stack(0x0000008bd9300000,0x0000008bd9400000)]
  0x000001c32364e800 JavaThread "jar transforms Thread 4" [_thread_blocked, id=21552, stack(0x0000008bd9e00000,0x0000008bd9f00000)]
  0x000001c323649800 JavaThread "Cache worker for kotlin-dsl (C:\Users\chand\.gradle\caches\8.0.1\kotlin-dsl)" [_thread_blocked, id=2368, stack(0x0000008bd6a00000,0x0000008bd6b00000)]

Other Threads:
  0x000001c37fd04000 VMThread "VM Thread" [stack: 0x0000008bd7300000,0x0000008bd7400000] [id=24932]
  0x000001c31e031800 WatcherThread [stack: 0x0000008bd7d00000,0x0000008bd7e00000] [id=17924]
  0x000001c37e2db800 GCTaskThread "GC Thread#0" [stack: 0x0000008bd6e00000,0x0000008bd6f00000] [id=22468]
  0x000001c31ed53000 GCTaskThread "GC Thread#1" [stack: 0x0000008bd7f00000,0x0000008bd8000000] [id=22760]
  0x000001c31ed53800 GCTaskThread "GC Thread#2" [stack: 0x0000008bd8000000,0x0000008bd8100000] [id=22300]
  0x000001c32002e800 GCTaskThread "GC Thread#3" [stack: 0x0000008bd8a00000,0x0000008bd8b00000] [id=23376]
  0x000001c31ff4d000 GCTaskThread "GC Thread#4" [stack: 0x0000008bd8b00000,0x0000008bd8c00000] [id=5888]
  0x000001c31f030800 GCTaskThread "GC Thread#5" [stack: 0x0000008bd8c00000,0x0000008bd8d00000] [id=1604]
  0x000001c31ff49800 GCTaskThread "GC Thread#6" [stack: 0x0000008bd8d00000,0x0000008bd8e00000] [id=1484]
  0x000001c31f838800 GCTaskThread "GC Thread#7" [stack: 0x0000008bd8e00000,0x0000008bd8f00000] [id=11600]
  0x000001c37e30d000 ConcurrentGCThread "G1 Main Marker" [stack: 0x0000008bd6f00000,0x0000008bd7000000] [id=21556]
  0x000001c37e30e800 ConcurrentGCThread "G1 Conc#0" [stack: 0x0000008bd7000000,0x0000008bd7100000] [id=5496]
  0x000001c31f2b8800 ConcurrentGCThread "G1 Conc#1" [stack: 0x0000008bd9100000,0x0000008bd9200000] [id=26880]
  0x000001c37e39e000 ConcurrentGCThread "G1 Refine#0" [stack: 0x0000008bd7100000,0x0000008bd7200000] [id=12084]
  0x000001c37fb70800 ConcurrentGCThread "G1 Young RemSet Sampling" [stack: 0x0000008bd7200000,0x0000008bd7300000] [id=6268]

Threads with active compile tasks:
C2 CompilerThread0    69697 4013   !   4       java.net.URLClassLoader$1::run (81 bytes)
C1 CompilerThread0    69697 4079       3       org.gradle.internal.snapshot.VfsRelativePath::compareToFirstSegment (203 bytes)

VM state:not at safepoint (normal execution)

VM Mutex/Monitor currently owned by a thread: None

Heap address: 0x0000000080000000, size: 2048 MB, Compressed Oops mode: 32-bit
Narrow klass base: 0x0000000000000000, Narrow klass shift: 3
Compressed class space size: 528482304 Address: 0x0000000100000000

Heap:
 garbage-first heap   total 131072K, used 77875K [0x0000000080000000, 0x0000000100000000)
  region size 1024K, 58 young (59392K), 9 survivors (9216K)
 Metaspace       used 43188K, capacity 44429K, committed 44496K, reserved 555008K
  class space    used 5454K, capacity 5957K, committed 6016K, reserved 516096K
Heap Regions: E=young(eden), S=young(survivor), O=old, HS=humongous(starts), HC=humongous(continues), CS=collection set, F=free, A=archive, TAMS=top-at-mark-start (previous, next)
|   0|0x0000000080000000, 0x0000000080100000, 0x0000000080100000|100%|HS|  |TAMS 0x0000000080100000, 0x0000000080000000| Complete 
|   1|0x0000000080100000, 0x0000000080200000, 0x0000000080200000|100%|HC|  |TAMS 0x0000000080200000, 0x0000000080100000| Complete 
|   2|0x0000000080200000, 0x0000000080300000, 0x0000000080300000|100%|HC|  |TAMS 0x0000000080300000, 0x0000000080200000| Complete 
|   3|0x0000000080300000, 0x0000000080400000, 0x0000000080400000|100%|HC|  |TAMS 0x0000000080400000, 0x0000000080300000| Complete 
|   4|0x0000000080400000, 0x0000000080500000, 0x0000000080500000|100%| O|  |TAMS 0x0000000080500000, 0x0000000080400000| Untracked 
|   5|0x0000000080500000, 0x0000000080600000, 0x0000000080600000|100%| O|  |TAMS 0x0000000080600000, 0x0000000080500000| Untracked 
|   6|0x0000000080600000, 0x0000000080700000, 0x0000000080700000|100%| O|  |TAMS 0x0000000080700000, 0x0000000080600000| Untracked 
|   7|0x0000000080700000, 0x0000000080800000, 0x0000000080800000|100%| O|  |TAMS 0x0000000080800000, 0x0000000080700000| Untracked 
|   8|0x0000000080800000, 0x0000000080900000, 0x0000000080900000|100%| O|  |TAMS 0x0000000080900000, 0x0000000080800000| Untracked 
|   9|0x0000000080900000, 0x0000000080a00000, 0x0000000080a00000|100%| O|  |TAMS 0x0000000080a00000, 0x0000000080900000| Untracked 
|  10|0x0000000080a00000, 0x0000000080b00000, 0x0000000080b00000|100%| O|  |TAMS 0x0000000080b00000, 0x0000000080a00000| Untracked 
|  11|0x0000000080b00000, 0x0000000080c00000, 0x0000000080c00000|100%| O|  |TAMS 0x0000000080c00000, 0x0000000080b00000| Untracked 
|  12|0x0000000080c00000, 0x0000000080d00000, 0x0000000080d00000|100%| O|  |TAMS 0x0000000080d00000, 0x0000000080c00000| Untracked 
|  13|0x0000000080d00000, 0x0000000080e00000, 0x0000000080e00000|100%| O|  |TAMS 0x0000000080e00000, 0x0000000080d00000| Untracked 
|  14|0x0000000080e00000, 0x0000000080f00000, 0x0000000080f00000|100%| O|  |TAMS 0x0000000080f00000, 0x0000000080e00000| Untracked 
|  15|0x0000000080f00000, 0x0000000081000000, 0x0000000081000000|100%| O|  |TAMS 0x0000000081000000, 0x0000000080f00000| Untracked 
|  16|0x0000000081000000, 0x0000000081100000, 0x0000000081100000|100%| O|  |TAMS 0x0000000081100000, 0x0000000081000000| Untracked 
|  17|0x0000000081100000, 0x0000000081200000, 0x0000000081200000|100%| O|  |TAMS 0x0000000081135000, 0x0000000081100000| Untracked 
|  18|0x0000000081200000, 0x0000000081200000, 0x0000000081300000|  0%| F|  |TAMS 0x0000000081200000, 0x0000000081200000| Untracked 
|  19|0x0000000081300000, 0x0000000081300000, 0x0000000081400000|  0%| F|  |TAMS 0x0000000081300000, 0x0000000081300000| Untracked 
|  20|0x0000000081400000, 0x0000000081400000, 0x0000000081500000|  0%| F|  |TAMS 0x0000000081400000, 0x0000000081400000| Untracked 
|  21|0x0000000081500000, 0x0000000081600000, 0x0000000081600000|100%| O|  |TAMS 0x0000000081500000, 0x0000000081500000| Untracked 
|  22|0x0000000081600000, 0x0000000081639c00, 0x0000000081700000| 22%| O|  |TAMS 0x0000000081600000, 0x0000000081600000| Untracked 
|  23|0x0000000081700000, 0x0000000081700000, 0x0000000081800000|  0%| F|  |TAMS 0x0000000081700000, 0x0000000081700000| Untracked 
|  24|0x0000000081800000, 0x0000000081800000, 0x0000000081900000|  0%| F|  |TAMS 0x0000000081800000, 0x0000000081800000| Untracked 
|  25|0x0000000081900000, 0x0000000081900000, 0x0000000081a00000|  0%| F|  |TAMS 0x0000000081900000, 0x0000000081900000| Untracked 
|  26|0x0000000081a00000, 0x0000000081a00000, 0x0000000081b00000|  0%| F|  |TAMS 0x0000000081a00000, 0x0000000081a00000| Untracked 
|  27|0x0000000081b00000, 0x0000000081b00000, 0x0000000081c00000|  0%| F|  |TAMS 0x0000000081b00000, 0x0000000081b00000| Untracked 
|  28|0x0000000081c00000, 0x0000000081c00000, 0x0000000081d00000|  0%| F|  |TAMS 0x0000000081c00000, 0x0000000081c00000| Untracked 
|  29|0x0000000081d00000, 0x0000000081d00000, 0x0000000081e00000|  0%| F|  |TAMS 0x0000000081d00000, 0x0000000081d00000| Untracked 
|  30|0x0000000081e00000, 0x0000000081e00000, 0x0000000081f00000|  0%| F|  |TAMS 0x0000000081e00000, 0x0000000081e00000| Untracked 
|  31|0x0000000081f00000, 0x0000000081f00000, 0x0000000082000000|  0%| F|  |TAMS 0x0000000081f00000, 0x0000000081f00000| Untracked 
|  32|0x0000000082000000, 0x0000000082000000, 0x0000000082100000|  0%| F|  |TAMS 0x0000000082000000, 0x0000000082000000| Untracked 
|  33|0x0000000082100000, 0x0000000082100000, 0x0000000082200000|  0%| F|  |TAMS 0x0000000082100000, 0x0000000082100000| Untracked 
|  34|0x0000000082200000, 0x0000000082200000, 0x0000000082300000|  0%| F|  |TAMS 0x0000000082200000, 0x0000000082200000| Untracked 
|  35|0x0000000082300000, 0x0000000082300000, 0x0000000082400000|  0%| F|  |TAMS 0x0000000082300000, 0x0000000082300000| Untracked 
|  36|0x0000000082400000, 0x0000000082400000, 0x0000000082500000|  0%| F|  |TAMS 0x0000000082400000, 0x0000000082400000| Untracked 
|  37|0x0000000082500000, 0x0000000082500000, 0x0000000082600000|  0%| F|  |TAMS 0x0000000082500000, 0x0000000082500000| Untracked 
|  38|0x0000000082600000, 0x0000000082600000, 0x0000000082700000|  0%| F|  |TAMS 0x0000000082600000, 0x0000000082600000| Untracked 
|  39|0x0000000082700000, 0x0000000082700000, 0x0000000082800000|  0%| F|  |TAMS 0x0000000082700000, 0x0000000082700000| Untracked 
|  40|0x0000000082800000, 0x0000000082800000, 0x0000000082900000|  0%| F|  |TAMS 0x0000000082800000, 0x0000000082800000| Untracked 
|  41|0x0000000082900000, 0x0000000082900000, 0x0000000082a00000|  0%| F|  |TAMS 0x0000000082900000, 0x0000000082900000| Untracked 
|  42|0x0000000082a00000, 0x0000000082a00000, 0x0000000082b00000|  0%| F|  |TAMS 0x0000000082a00000, 0x0000000082a00000| Untracked 
|  43|0x0000000082b00000, 0x0000000082b00000, 0x0000000082c00000|  0%| F|  |TAMS 0x0000000082b00000, 0x0000000082b00000| Untracked 
|  44|0x0000000082c00000, 0x0000000082c00000, 0x0000000082d00000|  0%| F|  |TAMS 0x0000000082c00000, 0x0000000082c00000| Untracked 
|  45|0x0000000082d00000, 0x0000000082d00000, 0x0000000082e00000|  0%| F|  |TAMS 0x0000000082d00000, 0x0000000082d00000| Untracked 
|  46|0x0000000082e00000, 0x0000000082e00000, 0x0000000082f00000|  0%| F|  |TAMS 0x0000000082e00000, 0x0000000082e00000| Untracked 
|  47|0x0000000082f00000, 0x0000000082f00000, 0x0000000083000000|  0%| F|  |TAMS 0x0000000082f00000, 0x0000000082f00000| Untracked 
|  48|0x0000000083000000, 0x0000000083000000, 0x0000000083100000|  0%| F|  |TAMS 0x0000000083000000, 0x0000000083000000| Untracked 
|  49|0x0000000083100000, 0x0000000083100000, 0x0000000083200000|  0%| F|  |TAMS 0x0000000083100000, 0x0000000083100000| Untracked 
|  50|0x0000000083200000, 0x0000000083200000, 0x0000000083300000|  0%| F|  |TAMS 0x0000000083200000, 0x0000000083200000| Untracked 
|  51|0x0000000083300000, 0x0000000083300000, 0x0000000083400000|  0%| F|  |TAMS 0x0000000083300000, 0x0000000083300000| Untracked 
|  52|0x0000000083400000, 0x0000000083400000, 0x0000000083500000|  0%| F|  |TAMS 0x0000000083400000, 0x0000000083400000| Untracked 
|  53|0x0000000083500000, 0x0000000083500000, 0x0000000083600000|  0%| F|  |TAMS 0x0000000083500000, 0x0000000083500000| Untracked 
|  54|0x0000000083600000, 0x00000000836d31f0, 0x0000000083700000| 82%| S|CS|TAMS 0x0000000083600000, 0x0000000083600000| Complete 
|  55|0x0000000083700000, 0x0000000083800000, 0x0000000083800000|100%| S|CS|TAMS 0x0000000083700000, 0x0000000083700000| Complete 
|  56|0x0000000083800000, 0x0000000083900000, 0x0000000083900000|100%| S|CS|TAMS 0x0000000083800000, 0x0000000083800000| Complete 
|  57|0x0000000083900000, 0x0000000083a00000, 0x0000000083a00000|100%| S|CS|TAMS 0x0000000083900000, 0x0000000083900000| Complete 
|  58|0x0000000083a00000, 0x0000000083b00000, 0x0000000083b00000|100%| S|CS|TAMS 0x0000000083a00000, 0x0000000083a00000| Complete 
|  59|0x0000000083b00000, 0x0000000083c00000, 0x0000000083c00000|100%| S|CS|TAMS 0x0000000083b00000, 0x0000000083b00000| Complete 
|  60|0x0000000083c00000, 0x0000000083d00000, 0x0000000083d00000|100%| S|CS|TAMS 0x0000000083c00000, 0x0000000083c00000| Complete 
|  61|0x0000000083d00000, 0x0000000083e00000, 0x0000000083e00000|100%| S|CS|TAMS 0x0000000083d00000, 0x0000000083d00000| Complete 
|  62|0x0000000083e00000, 0x0000000083f00000, 0x0000000083f00000|100%| S|CS|TAMS 0x0000000083e00000, 0x0000000083e00000| Complete 
|  63|0x0000000083f00000, 0x0000000083f00000, 0x0000000084000000|  0%| F|  |TAMS 0x0000000083f00000, 0x0000000083f00000| Untracked 
|  64|0x0000000084000000, 0x0000000084000000, 0x0000000084100000|  0%| F|  |TAMS 0x0000000084000000, 0x0000000084000000| Untracked 
|  65|0x0000000084100000, 0x0000000084100000, 0x0000000084200000|  0%| F|  |TAMS 0x0000000084100000, 0x0000000084100000| Untracked 
|  66|0x0000000084200000, 0x0000000084200000, 0x0000000084300000|  0%| F|  |TAMS 0x0000000084200000, 0x0000000084200000| Untracked 
|  67|0x0000000084300000, 0x0000000084300000, 0x0000000084400000|  0%| F|  |TAMS 0x0000000084300000, 0x0000000084300000| Untracked 
|  68|0x0000000084400000, 0x0000000084400000, 0x0000000084500000|  0%| F|  |TAMS 0x0000000084400000, 0x0000000084400000| Untracked 
|  69|0x0000000084500000, 0x0000000084500000, 0x0000000084600000|  0%| F|  |TAMS 0x0000000084500000, 0x0000000084500000| Untracked 
|  70|0x0000000084600000, 0x0000000084600000, 0x0000000084700000|  0%| F|  |TAMS 0x0000000084600000, 0x0000000084600000| Untracked 
|  71|0x0000000084700000, 0x0000000084700000, 0x0000000084800000|  0%| F|  |TAMS 0x0000000084700000, 0x0000000084700000| Untracked 
|  72|0x0000000084800000, 0x0000000084800000, 0x0000000084900000|  0%| F|  |TAMS 0x0000000084800000, 0x0000000084800000| Untracked 
|  73|0x0000000084900000, 0x0000000084900000, 0x0000000084a00000|  0%| F|  |TAMS 0x0000000084900000, 0x0000000084900000| Untracked 
|  74|0x0000000084a00000, 0x0000000084a00000, 0x0000000084b00000|  0%| F|  |TAMS 0x0000000084a00000, 0x0000000084a00000| Untracked 
|  75|0x0000000084b00000, 0x0000000084b00000, 0x0000000084c00000|  0%| F|  |TAMS 0x0000000084b00000, 0x0000000084b00000| Untracked 
|  76|0x0000000084c00000, 0x0000000084c00000, 0x0000000084d00000|  0%| F|  |TAMS 0x0000000084c00000, 0x0000000084c00000| Untracked 
|  77|0x0000000084d00000, 0x0000000084d00000, 0x0000000084e00000|  0%| F|  |TAMS 0x0000000084d00000, 0x0000000084d00000| Untracked 
|  78|0x0000000084e00000, 0x0000000084e00000, 0x0000000084f00000|  0%| F|  |TAMS 0x0000000084e00000, 0x0000000084e00000| Untracked 
|  79|0x0000000084f00000, 0x0000000084fc4270, 0x0000000085000000| 76%| E|  |TAMS 0x0000000084f00000, 0x0000000084f00000| Complete 
|  80|0x0000000085000000, 0x0000000085100000, 0x0000000085100000|100%| E|CS|TAMS 0x0000000085000000, 0x0000000085000000| Complete 
|  81|0x0000000085100000, 0x0000000085200000, 0x0000000085200000|100%| E|CS|TAMS 0x0000000085100000, 0x0000000085100000| Complete 
|  82|0x0000000085200000, 0x0000000085300000, 0x0000000085300000|100%| E|CS|TAMS 0x0000000085200000, 0x0000000085200000| Complete 
|  83|0x0000000085300000, 0x0000000085400000, 0x0000000085400000|100%| E|CS|TAMS 0x0000000085300000, 0x0000000085300000| Complete 
|  84|0x0000000085400000, 0x0000000085500000, 0x0000000085500000|100%| E|CS|TAMS 0x0000000085400000, 0x0000000085400000| Complete 
|  85|0x0000000085500000, 0x0000000085600000, 0x0000000085600000|100%| E|CS|TAMS 0x0000000085500000, 0x0000000085500000| Complete 
|  86|0x0000000085600000, 0x0000000085700000, 0x0000000085700000|100%| E|CS|TAMS 0x0000000085600000, 0x0000000085600000| Complete 
|  87|0x0000000085700000, 0x0000000085800000, 0x0000000085800000|100%| E|CS|TAMS 0x0000000085700000, 0x0000000085700000| Complete 
|  88|0x0000000085800000, 0x0000000085900000, 0x0000000085900000|100%| E|CS|TAMS 0x0000000085800000, 0x0000000085800000| Complete 
|  89|0x0000000085900000, 0x0000000085a00000, 0x0000000085a00000|100%| E|CS|TAMS 0x0000000085900000, 0x0000000085900000| Complete 
|  90|0x0000000085a00000, 0x0000000085b00000, 0x0000000085b00000|100%| E|CS|TAMS 0x0000000085a00000, 0x0000000085a00000| Complete 
|  91|0x0000000085b00000, 0x0000000085c00000, 0x0000000085c00000|100%| E|CS|TAMS 0x0000000085b00000, 0x0000000085b00000| Complete 
|  92|0x0000000085c00000, 0x0000000085d00000, 0x0000000085d00000|100%| E|CS|TAMS 0x0000000085c00000, 0x0000000085c00000| Complete 
|  93|0x0000000085d00000, 0x0000000085e00000, 0x0000000085e00000|100%| E|CS|TAMS 0x0000000085d00000, 0x0000000085d00000| Complete 
|  94|0x0000000085e00000, 0x0000000085f00000, 0x0000000085f00000|100%| E|CS|TAMS 0x0000000085e00000, 0x0000000085e00000| Complete 
|  95|0x0000000085f00000, 0x0000000086000000, 0x0000000086000000|100%| E|CS|TAMS 0x0000000085f00000, 0x0000000085f00000| Complete 
|  96|0x0000000086000000, 0x0000000086100000, 0x0000000086100000|100%| E|CS|TAMS 0x0000000086000000, 0x0000000086000000| Complete 
|  97|0x0000000086100000, 0x0000000086200000, 0x0000000086200000|100%| E|CS|TAMS 0x0000000086100000, 0x0000000086100000| Complete 
|  98|0x0000000086200000, 0x0000000086300000, 0x0000000086300000|100%| E|CS|TAMS 0x0000000086200000, 0x0000000086200000| Complete 
|  99|0x0000000086300000, 0x0000000086400000, 0x0000000086400000|100%| E|CS|TAMS 0x0000000086300000, 0x0000000086300000| Complete 
| 100|0x0000000086400000, 0x0000000086500000, 0x0000000086500000|100%| E|CS|TAMS 0x0000000086400000, 0x0000000086400000| Complete 
| 101|0x0000000086500000, 0x0000000086600000, 0x0000000086600000|100%| E|CS|TAMS 0x0000000086500000, 0x0000000086500000| Complete 
| 102|0x0000000086600000, 0x0000000086700000, 0x0000000086700000|100%| E|CS|TAMS 0x0000000086600000, 0x0000000086600000| Complete 
| 103|0x0000000086700000, 0x0000000086800000, 0x0000000086800000|100%| E|CS|TAMS 0x0000000086700000, 0x0000000086700000| Complete 
| 104|0x0000000086800000, 0x0000000086900000, 0x0000000086900000|100%| E|CS|TAMS 0x0000000086800000, 0x0000000086800000| Complete 
| 105|0x0000000086900000, 0x0000000086a00000, 0x0000000086a00000|100%| E|CS|TAMS 0x0000000086900000, 0x0000000086900000| Complete 
| 106|0x0000000086a00000, 0x0000000086b00000, 0x0000000086b00000|100%| E|CS|TAMS 0x0000000086a00000, 0x0000000086a00000| Complete 
| 107|0x0000000086b00000, 0x0000000086c00000, 0x0000000086c00000|100%| E|CS|TAMS 0x0000000086b00000, 0x0000000086b00000| Complete 
| 108|0x0000000086c00000, 0x0000000086d00000, 0x0000000086d00000|100%| E|CS|TAMS 0x0000000086c00000, 0x0000000086c00000| Complete 
| 109|0x0000000086d00000, 0x0000000086e00000, 0x0000000086e00000|100%| E|CS|TAMS 0x0000000086d00000, 0x0000000086d00000| Complete 
| 110|0x0000000086e00000, 0x0000000086f00000, 0x0000000086f00000|100%| E|CS|TAMS 0x0000000086e00000, 0x0000000086e00000| Complete 
| 111|0x0000000086f00000, 0x0000000087000000, 0x0000000087000000|100%| E|CS|TAMS 0x0000000086f00000, 0x0000000086f00000| Complete 
| 112|0x0000000087000000, 0x0000000087100000, 0x0000000087100000|100%| E|CS|TAMS 0x0000000087000000, 0x0000000087000000| Complete 
| 113|0x0000000087100000, 0x0000000087200000, 0x0000000087200000|100%| E|CS|TAMS 0x0000000087100000, 0x0000000087100000| Complete 
| 114|0x0000000087200000, 0x0000000087300000, 0x0000000087300000|100%| E|CS|TAMS 0x0000000087200000, 0x0000000087200000| Complete 
| 115|0x0000000087300000, 0x0000000087400000, 0x0000000087400000|100%| E|CS|TAMS 0x0000000087300000, 0x0000000087300000| Complete 
| 116|0x0000000087400000, 0x0000000087500000, 0x0000000087500000|100%| E|CS|TAMS 0x0000000087400000, 0x0000000087400000| Complete 
| 117|0x0000000087500000, 0x0000000087600000, 0x0000000087600000|100%| E|CS|TAMS 0x0000000087500000, 0x0000000087500000| Complete 
| 118|0x0000000087600000, 0x0000000087700000, 0x0000000087700000|100%| E|CS|TAMS 0x0000000087600000, 0x0000000087600000| Complete 
| 119|0x0000000087700000, 0x0000000087800000, 0x0000000087800000|100%| E|CS|TAMS 0x0000000087700000, 0x0000000087700000| Complete 
| 120|0x0000000087800000, 0x0000000087900000, 0x0000000087900000|100%| E|CS|TAMS 0x0000000087800000, 0x0000000087800000| Complete 
| 121|0x0000000087900000, 0x0000000087a00000, 0x0000000087a00000|100%| E|CS|TAMS 0x0000000087900000, 0x0000000087900000| Complete 
| 122|0x0000000087a00000, 0x0000000087b00000, 0x0000000087b00000|100%| E|CS|TAMS 0x0000000087a00000, 0x0000000087a00000| Complete 
| 123|0x0000000087b00000, 0x0000000087c00000, 0x0000000087c00000|100%| E|CS|TAMS 0x0000000087b00000, 0x0000000087b00000| Complete 
| 124|0x0000000087c00000, 0x0000000087d00000, 0x0000000087d00000|100%| E|CS|TAMS 0x0000000087c00000, 0x0000000087c00000| Complete 
| 125|0x0000000087d00000, 0x0000000087e00000, 0x0000000087e00000|100%| E|CS|TAMS 0x0000000087d00000, 0x0000000087d00000| Complete 
| 126|0x0000000087e00000, 0x0000000087f00000, 0x0000000087f00000|100%| E|CS|TAMS 0x0000000087e00000, 0x0000000087e00000| Complete 
| 127|0x0000000087f00000, 0x0000000088000000, 0x0000000088000000|100%| E|CS|TAMS 0x0000000087f00000, 0x0000000087f00000| Complete 

Card table byte_map: [0x000001c37eae0000,0x000001c37eee0000] _byte_map_base: 0x000001c37e6e0000

Marking Bits (Prev, Next): (CMBitMap*) 0x000001c37e304348, (CMBitMap*) 0x000001c37e304380
 Prev Bits: [0x000001c3176a0000, 0x000001c3196a0000)
 Next Bits: [0x000001c3196a0000, 0x000001c31b6a0000)

Polling page: 0x000001c37c260000

Metaspace:

Usage:
  Non-class:     37.64 MB capacity,    36.88 MB ( 98%) used,   653.10 KB (  2%) free+waste,   119.69 KB ( <1%) overhead. 
      Class:      5.82 MB capacity,     5.33 MB ( 92%) used,   438.59 KB (  7%) free+waste,    59.13 KB ( <1%) overhead. 
       Both:     43.46 MB capacity,    42.22 MB ( 97%) used,     1.07 MB (  2%) free+waste,   178.81 KB ( <1%) overhead. 

Virtual space:
  Non-class space:       38.00 MB reserved,      37.83 MB (>99%) committed 
      Class space:      504.00 MB reserved,       5.88 MB (  1%) committed 
             Both:      542.00 MB reserved,      43.70 MB (  8%) committed 

Chunk freelists:
   Non-Class:  2.00 KB
       Class:  24.00 KB
        Both:  26.00 KB

MaxMetaspaceSize: 512.00 MB
CompressedClassSpaceSize: 504.00 MB
Initial GC threshold: 20.80 MB
Current GC threshold: 58.88 MB
CDS: off

CodeHeap 'non-profiled nmethods': size=120000Kb used=2228Kb max_used=2228Kb free=117771Kb
 bounds [0x000001c310170000, 0x000001c3103e0000, 0x000001c3176a0000]
CodeHeap 'profiled nmethods': size=120000Kb used=8599Kb max_used=8599Kb free=111400Kb
 bounds [0x000001c308c40000, 0x000001c3094b0000, 0x000001c310170000]
CodeHeap 'non-nmethods': size=5760Kb used=2283Kb max_used=2323Kb free=3476Kb
 bounds [0x000001c3086a0000, 0x000001c308910000, 0x000001c308c40000]
 total_blobs=4835 nmethods=4057 adapters=690
 compilation: enabled
              stopped_count=0, restarted_count=0
 full_count=0

Compilation events (20 events):
Event: 69.196 Thread 0x000001c37fd2c000 4029       3       org.gradle.internal.classpath.DefaultClassPath$ImmutableUniqueList::<init> (16 bytes)
Event: 69.197 Thread 0x000001c37fd2c000 nmethod 4029 0x000001c30947d710 code [0x000001c30947d900, 0x000001c30947ddc8]
Event: 69.197 Thread 0x000001c37fd2c000 4030       3       org.gradle.internal.classpath.DefaultClassPath::concat (33 bytes)
Event: 69.197 Thread 0x000001c37fd2c000 nmethod 4030 0x000001c30947df90 code [0x000001c30947e200, 0x000001c30947ec98]
Event: 69.245 Thread 0x000001c37fd27800 nmethod 3979 0x000001c310393210 code [0x000001c310393720, 0x000001c310398190]
Event: 69.246 Thread 0x000001c37fd27800 3989 %     4       jdk.internal.org.objectweb.asm.Type::getArgumentsAndReturnSizes @ 63 (151 bytes)
Event: 69.260 Thread 0x000001c37fd27800 nmethod 3989% 0x000001c31039a310 code [0x000001c31039a500, 0x000001c31039aa20]
Event: 69.261 Thread 0x000001c37fd27800 4027       4       java.util.AbstractList$Itr::hasNext (20 bytes)
Event: 69.262 Thread 0x000001c37fd27800 nmethod 4027 0x000001c31039ae10 code [0x000001c31039afa0, 0x000001c31039b038]
Event: 69.262 Thread 0x000001c37fd27800 4013   !   4       java.net.URLClassLoader$1::run (81 bytes)
Event: 69.291 Thread 0x000001c37fd2c000 4034       3       java.lang.invoke.BoundMethodHandle$Species_L::<init> (12 bytes)
Event: 69.292 Thread 0x000001c37fd2c000 nmethod 4034 0x000001c30947f090 code [0x000001c30947f260, 0x000001c30947f468]
Event: 69.292 Thread 0x000001c37fd2c000 4035   !   2       java.util.AbstractList$Itr::next (45 bytes)
Event: 69.292 Thread 0x000001c37fd2c000 nmethod 4035 0x000001c30947f590 code [0x000001c30947f780, 0x000001c30947fb18]
Event: 69.292 Thread 0x000001c37fd2c000 4032       3       java.lang.invoke.MethodHandle::bindTo (19 bytes)
Event: 69.293 Thread 0x000001c37fd2c000 nmethod 4032 0x000001c30947fd90 code [0x000001c30947ffc0, 0x000001c3094805f8]
Event: 69.293 Thread 0x000001c37fd2c000 4033       3       java.lang.invoke.MethodType::leadingReferenceParameter (30 bytes)
Event: 69.293 Thread 0x000001c37fd2c000 nmethod 4033 0x000001c309480890 code [0x000001c309480a60, 0x000001c309480d48]
Event: 69.347 Thread 0x000001c37fd2c000 4036       3       org.gradle.api.internal.classpath.DefaultModuleRegistry::findJar (192 bytes)
Event: 69.350 Thread 0x000001c37fd2c000 nmethod 4036 0x000001c309480e90 code [0x000001c309481240, 0x000001c309482848]

GC Heap History (14 events):
Event: 1.397 GC heap before
{Heap before GC invocations=0 (full 0):
 garbage-first heap   total 131072K, used 27648K [0x0000000080000000, 0x0000000100000000)
  region size 1024K, 24 young (24576K), 0 survivors (0K)
 Metaspace       used 10068K, capacity 10342K, committed 10624K, reserved 526336K
  class space    used 1023K, capacity 1107K, committed 1152K, reserved 516096K
}
Event: 1.406 GC heap after
{Heap after GC invocations=1 (full 0):
 garbage-first heap   total 131072K, used 10458K [0x0000000080000000, 0x0000000100000000)
  region size 1024K, 3 young (3072K), 3 survivors (3072K)
 Metaspace       used 10068K, capacity 10342K, committed 10624K, reserved 526336K
  class space    used 1023K, capacity 1107K, committed 1152K, reserved 516096K
}
Event: 4.168 GC heap before
{Heap before GC invocations=1 (full 0):
 garbage-first heap   total 131072K, used 86234K [0x0000000080000000, 0x0000000100000000)
  region size 1024K, 76 young (77824K), 3 survivors (3072K)
 Metaspace       used 18522K, capacity 18928K, committed 19072K, reserved 534528K
  class space    used 2148K, capacity 2310K, committed 2432K, reserved 516096K
}
Event: 4.176 GC heap after
{Heap after GC invocations=2 (full 0):
 garbage-first heap   total 131072K, used 17436K [0x0000000080000000, 0x0000000100000000)
  region size 1024K, 10 young (10240K), 10 survivors (10240K)
 Metaspace       used 18522K, capacity 18928K, committed 19072K, reserved 534528K
  class space    used 2148K, capacity 2310K, committed 2432K, reserved 516096K
}
Event: 4.524 GC heap before
{Heap before GC invocations=2 (full 0):
 garbage-first heap   total 131072K, used 35868K [0x0000000080000000, 0x0000000100000000)
  region size 1024K, 29 young (29696K), 10 survivors (10240K)
 Metaspace       used 20799K, capacity 21210K, committed 21296K, reserved 536576K
  class space    used 2486K, capacity 2654K, committed 2688K, reserved 516096K
}
Event: 4.534 GC heap after
{Heap after GC invocations=3 (full 0):
 garbage-first heap   total 131072K, used 17995K [0x0000000080000000, 0x0000000100000000)
  region size 1024K, 1 young (1024K), 1 survivors (1024K)
 Metaspace       used 20799K, capacity 21210K, committed 21296K, reserved 536576K
  class space    used 2486K, capacity 2654K, committed 2688K, reserved 516096K
}
Event: 5.281 GC heap before
{Heap before GC invocations=4 (full 0):
 garbage-first heap   total 131072K, used 69195K [0x0000000080000000, 0x0000000100000000)
  region size 1024K, 52 young (53248K), 1 survivors (1024K)
 Metaspace       used 25393K, capacity 26024K, committed 26160K, reserved 540672K
  class space    used 3233K, capacity 3452K, committed 3456K, reserved 516096K
}
Event: 5.285 GC heap after
{Heap after GC invocations=5 (full 0):
 garbage-first heap   total 131072K, used 19868K [0x0000000080000000, 0x0000000100000000)
  region size 1024K, 3 young (3072K), 3 survivors (3072K)
 Metaspace       used 25393K, capacity 26024K, committed 26160K, reserved 540672K
  class space    used 3233K, capacity 3452K, committed 3456K, reserved 516096K
}
Event: 6.147 GC heap before
{Heap before GC invocations=5 (full 0):
 garbage-first heap   total 131072K, used 77212K [0x0000000080000000, 0x0000000100000000)
  region size 1024K, 59 young (60416K), 3 survivors (3072K)
 Metaspace       used 30627K, capacity 31391K, committed 31664K, reserved 544768K
  class space    used 4039K, capacity 4331K, committed 4352K, reserved 516096K
}
Event: 6.151 GC heap after
{Heap after GC invocations=6 (full 0):
 garbage-first heap   total 131072K, used 21428K [0x0000000080000000, 0x0000000100000000)
  region size 1024K, 5 young (5120K), 5 survivors (5120K)
 Metaspace       used 30627K, capacity 31391K, committed 31664K, reserved 544768K
  class space    used 4039K, capacity 4331K, committed 4352K, reserved 516096K
}
Event: 6.661 GC heap before
{Heap before GC invocations=6 (full 0):
 garbage-first heap   total 131072K, used 40884K [0x0000000080000000, 0x0000000100000000)
  region size 1024K, 25 young (25600K), 5 survivors (5120K)
 Metaspace       used 35022K, capacity 35826K, committed 35920K, reserved 548864K
  class space    used 4484K, capacity 4812K, committed 4864K, reserved 516096K
}
Event: 6.669 GC heap after
{Heap after GC invocations=7 (full 0):
 garbage-first heap   total 131072K, used 23499K [0x0000000080000000, 0x0000000100000000)
  region size 1024K, 6 young (6144K), 6 survivors (6144K)
 Metaspace       used 35022K, capacity 35826K, committed 35920K, reserved 548864K
  class space    used 4484K, capacity 4812K, committed 4864K, reserved 516096K
}
Event: 7.886 GC heap before
{Heap before GC invocations=8 (full 0):
 garbage-first heap   total 131072K, used 85963K [0x0000000080000000, 0x0000000100000000)
  region size 1024K, 65 young (66560K), 6 survivors (6144K)
 Metaspace       used 40696K, capacity 41739K, committed 41936K, reserved 552960K
  class space    used 5109K, capacity 5499K, committed 5504K, reserved 516096K
}
Event: 7.896 GC heap after
{Heap after GC invocations=9 (full 0):
 garbage-first heap   total 131072K, used 28723K [0x0000000080000000, 0x0000000100000000)
  region size 1024K, 9 young (9216K), 9 survivors (9216K)
 Metaspace       used 40696K, capacity 41739K, committed 41936K, reserved 552960K
  class space    used 5109K, capacity 5499K, committed 5504K, reserved 516096K
}

Deoptimization events (20 events):
Event: 67.678 Thread 0x000001c320273800 Uncommon trap: trap_request=0xffffffc6 fr.pc=0x000001c310364c08 relative=0x0000000000000768
Event: 67.678 Thread 0x000001c320273800 Uncommon trap: reason=bimorphic_or_optimized_type_check action=maybe_recompile pc=0x000001c310364c08 method=java.util.regex.Pattern$Start.match(Ljava/util/regex/Matcher;ILjava/lang/CharSequence;)Z @ 44 c2
Event: 67.678 Thread 0x000001c320273800 DEOPT PACKING pc=0x000001c310364c08 sp=0x0000008bd86f6df0
Event: 67.678 Thread 0x000001c320273800 DEOPT UNPACKING pc=0x000001c3086ea1af sp=0x0000008bd86f6d40 mode 2
Event: 67.678 Thread 0x000001c320273800 Uncommon trap: trap_request=0xffffffde fr.pc=0x000001c310364af0 relative=0x0000000000000650
Event: 67.678 Thread 0x000001c320273800 Uncommon trap: reason=class_check action=maybe_recompile pc=0x000001c310364af0 method=java.util.regex.Matcher.search(I)Z @ 121 c2
Event: 67.678 Thread 0x000001c320273800 DEOPT PACKING pc=0x000001c310364af0 sp=0x0000008bd86f6df0
Event: 67.678 Thread 0x000001c320273800 DEOPT UNPACKING pc=0x000001c3086ea1af sp=0x0000008bd86f6dc0 mode 2
Event: 67.768 Thread 0x000001c320273800 Uncommon trap: trap_request=0xffffffc6 fr.pc=0x000001c310364c08 relative=0x0000000000000768
Event: 67.768 Thread 0x000001c320273800 Uncommon trap: reason=bimorphic_or_optimized_type_check action=maybe_recompile pc=0x000001c310364c08 method=java.util.regex.Pattern$Start.match(Ljava/util/regex/Matcher;ILjava/lang/CharSequence;)Z @ 44 c2
Event: 67.768 Thread 0x000001c320273800 DEOPT PACKING pc=0x000001c310364c08 sp=0x0000008bd86f6f40
Event: 67.768 Thread 0x000001c320273800 DEOPT UNPACKING pc=0x000001c3086ea1af sp=0x0000008bd86f6e90 mode 2
Event: 67.768 Thread 0x000001c320273800 Uncommon trap: trap_request=0xffffffde fr.pc=0x000001c310364af0 relative=0x0000000000000650
Event: 67.769 Thread 0x000001c320273800 Uncommon trap: reason=class_check action=maybe_recompile pc=0x000001c310364af0 method=java.util.regex.Matcher.search(I)Z @ 121 c2
Event: 67.769 Thread 0x000001c320273800 DEOPT PACKING pc=0x000001c310364af0 sp=0x0000008bd86f6f50
Event: 67.769 Thread 0x000001c320273800 DEOPT UNPACKING pc=0x000001c3086ea1af sp=0x0000008bd86f6f20 mode 2
Event: 67.921 Thread 0x000001c320273800 Uncommon trap: trap_request=0xffffff4d fr.pc=0x000001c3102bc7b4 relative=0x0000000000000114
Event: 67.922 Thread 0x000001c320273800 Uncommon trap: reason=unstable_if action=reinterpret pc=0x000001c3102bc7b4 method=java.util.Arrays.hashCode([Ljava/lang/Object;)I @ 34 c2
Event: 67.922 Thread 0x000001c320273800 DEOPT PACKING pc=0x000001c3102bc7b4 sp=0x0000008bd86f5f00
Event: 67.922 Thread 0x000001c320273800 DEOPT UNPACKING pc=0x000001c3086ea1af sp=0x0000008bd86f5e78 mode 2

Classes redefined (0 events):
No events

Internal exceptions (20 events):
Event: 67.506 Thread 0x000001c320273800 Exception <a 'java/lang/ClassNotFoundException'{0x0000000086f766a0}: groovy/lang/Closure$1Customizer> (0x0000000086f766a0) thrown at [s\src\hotspot\share\classfile\systemDictionary.cpp, line 230]
Event: 67.587 Thread 0x000001c320273800 Exception <a 'java/lang/NoSuchMethodError'{0x0000000086e04cb8}: 'java.lang.Object java.lang.invoke.DirectMethodHandle$Holder.invokeStatic(java.lang.Object, java.lang.Object, java.lang.Object, java.lang.Object, int)'> (0x0000000086e04cb8) thrown at [s\src\hotspot\share\interpreter\linkResolver.cpp, line 773]
Event: 67.642 Thread 0x000001c320273800 Exception <a 'java/lang/ClassNotFoundException'{0x0000000086e916e8}: org/gradle/internal/logging/slf4j/OutputEventListenerBackedLoggerBeanInfo> (0x0000000086e916e8) thrown at [s\src\hotspot\share\classfile\systemDictionary.cpp, line 230]
Event: 67.644 Thread 0x000001c320273800 Exception <a 'java/lang/ClassNotFoundException'{0x0000000086ebec78}: org/gradle/internal/logging/slf4j/BuildOperationAwareLoggerBeanInfo> (0x0000000086ebec78) thrown at [s\src\hotspot\share\classfile\systemDictionary.cpp, line 230]
Event: 67.647 Thread 0x000001c320273800 Exception <a 'java/lang/ClassNotFoundException'{0x0000000086eec328}: org/gradle/internal/logging/slf4j/BuildOperationAwareLoggerCustomizer> (0x0000000086eec328) thrown at [s\src\hotspot\share\classfile\systemDictionary.cpp, line 230]
Event: 67.654 Thread 0x000001c320273800 Exception <a 'java/lang/ClassNotFoundException'{0x0000000086d4d040}: org/gradle/internal/logging/slf4j/OutputEventListenerBackedLoggerCustomizer> (0x0000000086d4d040) thrown at [s\src\hotspot\share\classfile\systemDictionary.cpp, line 230]
Event: 67.724 Thread 0x000001c320273800 Exception <a 'java/lang/ClassNotFoundException'{0x0000000086aa2840}: org/codehaus/groovy/runtime/NullObjectBeanInfo> (0x0000000086aa2840) thrown at [s\src\hotspot\share\classfile\systemDictionary.cpp, line 230]
Event: 67.754 Thread 0x000001c320273800 Exception <a 'java/lang/ClassNotFoundException'{0x00000000867582d8}: org/codehaus/groovy/runtime/NullObjectCustomizer> (0x00000000867582d8) thrown at [s\src\hotspot\share\classfile\systemDictionary.cpp, line 230]
Event: 67.921 Thread 0x000001c320273800 Implicit null exception at 0x000001c3102bc6ef to 0x000001c3102bc798
Event: 67.929 Thread 0x000001c320273800 Exception <a 'java/lang/ClassNotFoundException'{0x000000008668e5a8}: java/io/FileBeanInfo> (0x000000008668e5a8) thrown at [s\src\hotspot\share\classfile\systemDictionary.cpp, line 230]
Event: 67.930 Thread 0x000001c320273800 Exception <a 'java/lang/ClassNotFoundException'{0x0000000086693ed0}: java/io/FileCustomizer> (0x0000000086693ed0) thrown at [s\src\hotspot\share\classfile\systemDictionary.cpp, line 230]
Event: 68.062 Thread 0x000001c320273800 Exception <a 'java/lang/NoSuchMethodError'{0x00000000866e2068}: 'void java.lang.invoke.DirectMethodHandle$Holder.invokeInterface(java.lang.Object, java.lang.Object)'> (0x00000000866e2068) thrown at [s\src\hotspot\share\interpreter\linkResolver.cpp, line 773]
Event: 68.781 Thread 0x000001c320273800 Exception <a 'java/lang/NoSuchMethodError'{0x0000000086144368}: 'java.lang.Object java.lang.invoke.DirectMethodHandle$Holder.invokeSpecial(java.lang.Object, java.lang.Object, java.lang.Object, java.lang.Object, java.lang.Object, java.lang.Object, java.lang.Object, java.lang.Object, java.lang.Object, java.lang.Object)'> (0x0000000086144368) thrown at [s\src\hotspot\share\interpreter\linkResolver.cpp, line 773]
Event: 68.783 Thread 0x000001c320273800 Exception <a 'java/lang/NoSuchMethodError'{0x000000008614ca98}: 'java.lang.Object java.lang.invoke.Invokers$Holder.invoker(java.lang.Object, java.lang.Object, java.lang.Object, java.lang.Object, java.lang.Object, java.lang.Object, java.lang.Object, java.lang.Object, java.lang.Object)'> (0x000000008614ca98) thrown at [s\src\hotspot\share\interpreter\linkResolver.cpp, line 773]
Event: 69.028 Thread 0x000001c320273800 Exception <a 'java/lang/NoSuchMethodError'{0x0000000085f250c8}: 'java.lang.Object java.lang.invoke.DelegatingMethodHandle$Holder.reinvoke_L(java.lang.Object, java.lang.Object, java.lang.Object, java.lang.Object, java.lang.Object, java.lang.Object, java.lang.Object, java.lang.Object, java.lang.Object, java.lang.Object, java.lang.Object, java.lang.Object, java.lang.Object, java.lang.Object, java.lang.Object, java.lang.Object, java.lang.Object, java.lang.Object, java.lang.Object, java.lang.Object, java.lang.O
Event: 69.030 Thread 0x000001c320273800 Exception <a 'java/lang/NoSuchMethodError'{0x0000000085f30a80}: 'java.lang.Object java.lang.invoke.Invokers$Holder.invoker(java.lang.Object, java.lang.Object, java.lang.Object, java.lang.Object, java.lang.Object, java.lang.Object, java.lang.Object, java.lang.Object, java.lang.Object, java.lang.Object, java.lang.Object, java.lang.Object, java.lang.Object, java.lang.Object, java.lang.Object, java.lang.Object, java.lang.Object, java.lang.Object, java.lang.Object, java.lang.Object, java.lang.Object)'> (0x00000
Event: 69.031 Thread 0x000001c320273800 Exception <a 'java/lang/NoSuchMethodError'{0x0000000085f37aa8}: 'java.lang.Object java.lang.invoke.DelegatingMethodHandle$Holder.delegate(java.lang.Object, java.lang.Object, java.lang.Object, java.lang.Object, java.lang.Object, java.lang.Object, java.lang.Object, java.lang.Object, java.lang.Object, java.lang.Object, java.lang.Object, java.lang.Object, java.lang.Object, java.lang.Object, java.lang.Object, java.lang.Object, java.lang.Object, java.lang.Object, java.lang.Object, java.lang.Object, java.lang.Obj
Event: 69.040 Thread 0x000001c320273800 Exception <a 'java/lang/NoSuchMethodError'{0x0000000085f7b750}: 'java.lang.Object java.lang.invoke.DirectMethodHandle$Holder.invokeStatic(java.lang.Object, java.lang.Object, java.lang.Object, java.lang.Object, java.lang.Object, java.lang.Object, java.lang.Object, java.lang.Object, java.lang.Object, java.lang.Object, java.lang.Object, java.lang.Object, java.lang.Object, java.lang.Object, java.lang.Object)'> (0x0000000085f7b750) thrown at [s\src\hotspot\share\interpreter\linkResolver.cpp, line 773]
Event: 69.042 Thread 0x000001c320273800 Exception <a 'java/lang/NoSuchMethodError'{0x0000000085f8bae0}: 'java.lang.Object java.lang.invoke.DirectMethodHandle$Holder.invokeStatic(java.lang.Object, java.lang.Object, java.lang.Object, java.lang.Object, java.lang.Object, java.lang.Object, java.lang.Object, java.lang.Object, java.lang.Object, java.lang.Object, java.lang.Object, java.lang.Object, java.lang.Object, java.lang.Object, java.lang.Object, java.lang.Object)'> (0x0000000085f8bae0) thrown at [s\src\hotspot\share\interpreter\linkResolver.cpp, l
Event: 69.049 Thread 0x000001c320273800 Exception <a 'java/lang/NoSuchMethodError'{0x0000000085f9c1b0}: 'java.lang.Object java.lang.invoke.DelegatingMethodHandle$Holder.reinvoke_L(java.lang.Object, java.lang.Object, java.lang.Object, java.lang.Object, java.lang.Object, java.lang.Object, java.lang.Object, java.lang.Object, java.lang.Object, java.lang.Object, java.lang.Object, java.lang.Object, java.lang.Object, java.lang.Object, java.lang.Object, java.lang.Object, java.lang.Object, java.lang.Object, java.lang.Object, java.lang.Object)'> (0x000000

Events (20 events):
Event: 69.147 loading class org/gradle/api/internal/artifacts/dependencies/DefaultSelfResolvingDependency
Event: 69.147 loading class org/gradle/api/internal/artifacts/dependencies/DefaultSelfResolvingDependency done
Event: 69.148 loading class org/gradle/api/internal/artifacts/dependencies/SelfResolvingDependencyInternal
Event: 69.148 loading class org/gradle/api/internal/artifacts/dependencies/SelfResolvingDependencyInternal done
Event: 69.151 loading class org/gradle/api/artifacts/FileCollectionDependency
Event: 69.151 loading class org/gradle/api/artifacts/FileCollectionDependency done
Event: 69.153 loading class org/gradle/internal/component/local/model/OpaqueComponentIdentifier
Event: 69.153 loading class org/gradle/internal/component/local/model/OpaqueComponentIdentifier done
Event: 69.155 loading class org/gradle/api/internal/artifacts/DependencyResolveContext
Event: 69.155 loading class org/gradle/api/internal/artifacts/DependencyResolveContext done
Event: 69.176 Executing VM operation: RevokeBias
Event: 69.177 Executing VM operation: RevokeBias done
Event: 69.185 Executing VM operation: RevokeBias
Event: 69.186 Executing VM operation: RevokeBias done
Event: 69.272 Executing VM operation: RevokeBias
Event: 69.272 Executing VM operation: RevokeBias done
Event: 69.290 loading class org/gradle/api/specs/Spec
Event: 69.290 loading class org/gradle/api/specs/Spec done
Event: 69.291 loading class org/gradle/api/specs/NotSpec
Event: 69.291 loading class org/gradle/api/specs/NotSpec done


Dynamic libraries:
0x00007ff6a3e10000 - 0x00007ff6a3e1d000 	C:\Program Files\Microsoft\jdk-11.0.20.8-hotspot\bin\java.exe
0x00007ff9dd370000 - 0x00007ff9dd568000 	C:\WINDOWS\SYSTEM32\ntdll.dll
0x00007ff9db640000 - 0x00007ff9db6fd000 	C:\WINDOWS\System32\KERNEL32.DLL
0x00007ff9dac50000 - 0x00007ff9daf46000 	C:\WINDOWS\System32\KERNELBASE.dll
0x00007ff9db120000 - 0x00007ff9db220000 	C:\WINDOWS\System32\ucrtbase.dll
0x00007ff9bd980000 - 0x00007ff9bd997000 	C:\Program Files\Microsoft\jdk-11.0.20.8-hotspot\bin\jli.dll
0x00007ff9c04f0000 - 0x00007ff9c0505000 	C:\Program Files\Microsoft\jdk-11.0.20.8-hotspot\bin\VCRUNTIME140.dll
0x00007ff9dd190000 - 0x00007ff9dd32e000 	C:\WINDOWS\System32\USER32.dll
0x00007ff9db0f0000 - 0x00007ff9db112000 	C:\WINDOWS\System32\win32u.dll
0x00007ff9db760000 - 0x00007ff9db78c000 	C:\WINDOWS\System32\GDI32.dll
0x00007ff9ba960000 - 0x00007ff9babfa000 	C:\WINDOWS\WinSxS\amd64_microsoft.windows.common-controls_6595b64144ccf1df_6.0.19041.3636_none_60b6a03d71f818d5\COMCTL32.dll
0x00007ff9db2b0000 - 0x00007ff9db3ca000 	C:\WINDOWS\System32\gdi32full.dll
0x00007ff9dbb20000 - 0x00007ff9dbbbe000 	C:\WINDOWS\System32\msvcrt.dll
0x00007ff9dafa0000 - 0x00007ff9db03d000 	C:\WINDOWS\System32\msvcp_win.dll
0x00007ff9dbaf0000 - 0x00007ff9dbb20000 	C:\WINDOWS\System32\IMM32.DLL
0x00007ff993590000 - 0x00007ff99362b000 	C:\Program Files\Microsoft\jdk-11.0.20.8-hotspot\bin\msvcp140.dll
0x00007ff98b420000 - 0x00007ff98bfb6000 	C:\Program Files\Microsoft\jdk-11.0.20.8-hotspot\bin\server\jvm.dll
0x00007ff9dc0d0000 - 0x00007ff9dc17f000 	C:\WINDOWS\System32\ADVAPI32.dll
0x00007ff9dbbc0000 - 0x00007ff9dbc5c000 	C:\WINDOWS\System32\sechost.dll
0x00007ff9db4e0000 - 0x00007ff9db606000 	C:\WINDOWS\System32\RPCRT4.dll
0x00007ff9dc180000 - 0x00007ff9dc188000 	C:\WINDOWS\System32\PSAPI.DLL
0x00007ff9cdf60000 - 0x00007ff9cdf6a000 	C:\WINDOWS\SYSTEM32\VERSION.dll
0x00007ff9d27b0000 - 0x00007ff9d27b9000 	C:\WINDOWS\SYSTEM32\WSOCK32.dll
0x00007ff9be060000 - 0x00007ff9be087000 	C:\WINDOWS\SYSTEM32\WINMM.dll
0x00007ff9dba10000 - 0x00007ff9dba7b000 	C:\WINDOWS\System32\WS2_32.dll
0x00007ff9d92a0000 - 0x00007ff9d92b2000 	C:\WINDOWS\SYSTEM32\kernel.appcore.dll
0x00007ff9c0170000 - 0x00007ff9c0180000 	C:\Program Files\Microsoft\jdk-11.0.20.8-hotspot\bin\verify.dll
0x00007ff9d4f70000 - 0x00007ff9d5154000 	C:\WINDOWS\SYSTEM32\DBGHELP.DLL
0x00007ff9b7b50000 - 0x00007ff9b7b84000 	C:\WINDOWS\SYSTEM32\dbgcore.DLL
0x00007ff9db220000 - 0x00007ff9db2a2000 	C:\WINDOWS\System32\bcryptPrimitives.dll
0x00007ff9b9b40000 - 0x00007ff9b9b68000 	C:\Program Files\Microsoft\jdk-11.0.20.8-hotspot\bin\java.dll
0x00007ff9bdb60000 - 0x00007ff9bdb6a000 	C:\Program Files\Microsoft\jdk-11.0.20.8-hotspot\bin\jimage.dll
0x00007ff9bd960000 - 0x00007ff9bd978000 	C:\Program Files\Microsoft\jdk-11.0.20.8-hotspot\bin\zip.dll
0x00007ff9dc370000 - 0x00007ff9dcab4000 	C:\WINDOWS\System32\SHELL32.dll
0x00007ff9d5160000 - 0x00007ff9d58fb000 	C:\WINDOWS\SYSTEM32\windows.storage.dll
0x00007ff9dcdb0000 - 0x00007ff9dd104000 	C:\WINDOWS\System32\combase.dll
0x00007ff9da490000 - 0x00007ff9da4bd000 	C:\WINDOWS\SYSTEM32\Wldp.dll
0x00007ff9db430000 - 0x00007ff9db4dd000 	C:\WINDOWS\System32\SHCORE.dll
0x00007ff9dcd50000 - 0x00007ff9dcda5000 	C:\WINDOWS\System32\shlwapi.dll
0x00007ff9da980000 - 0x00007ff9da9a5000 	C:\WINDOWS\SYSTEM32\profapi.dll
0x00007ff9bc4a0000 - 0x00007ff9bc4b9000 	C:\Program Files\Microsoft\jdk-11.0.20.8-hotspot\bin\net.dll
0x00007ff9ca270000 - 0x00007ff9ca37a000 	C:\WINDOWS\SYSTEM32\WINHTTP.dll
0x00007ff9da1f0000 - 0x00007ff9da25a000 	C:\WINDOWS\system32\mswsock.dll
0x00007ff9bc1a0000 - 0x00007ff9bc1b3000 	C:\Program Files\Microsoft\jdk-11.0.20.8-hotspot\bin\nio.dll
0x00007ff9a8380000 - 0x00007ff9a83a7000 	C:\Users\chand\.gradle\native\68d5fa5c4cc2d200863cafc0d521ce42e7d3e7ee720ec0a83991735586a16f82\windows-amd64\native-platform.dll
0x00007ff98eef0000 - 0x00007ff98f034000 	C:\Users\chand\.gradle\native\e376f236ea51e6404a007f0833ffe2c6e607c4080706a723a18a27aeea778392\windows-amd64\native-platform-file-events.dll
0x00007ff9ba900000 - 0x00007ff9ba909000 	C:\Program Files\Microsoft\jdk-11.0.20.8-hotspot\bin\management.dll
0x00007ff9b8c20000 - 0x00007ff9b8c2b000 	C:\Program Files\Microsoft\jdk-11.0.20.8-hotspot\bin\management_ext.dll
0x00007ff9da3e0000 - 0x00007ff9da3f8000 	C:\WINDOWS\SYSTEM32\CRYPTSP.dll
0x00007ff9d9ab0000 - 0x00007ff9d9ae4000 	C:\WINDOWS\system32\rsaenh.dll
0x00007ff9daa50000 - 0x00007ff9daa77000 	C:\WINDOWS\System32\bcrypt.dll
0x00007ff9da900000 - 0x00007ff9da92e000 	C:\WINDOWS\SYSTEM32\USERENV.dll
0x00007ff9da400000 - 0x00007ff9da40c000 	C:\WINDOWS\SYSTEM32\CRYPTBASE.dll
0x00007ff9d9e90000 - 0x00007ff9d9ecb000 	C:\WINDOWS\SYSTEM32\IPHLPAPI.DLL
0x00007ff9db630000 - 0x00007ff9db638000 	C:\WINDOWS\System32\NSI.dll
0x00007ff9cb490000 - 0x00007ff9cb4a7000 	C:\WINDOWS\SYSTEM32\dhcpcsvc6.DLL
0x00007ff9cd590000 - 0x00007ff9cd5ad000 	C:\WINDOWS\SYSTEM32\dhcpcsvc.DLL
0x00007ff9d9ed0000 - 0x00007ff9d9f9a000 	C:\WINDOWS\SYSTEM32\DNSAPI.dll

dbghelp: loaded successfully - version: 4.0.5 - missing functions: none
symbol engine: initialized successfully - sym options: 0x614 - pdb path: .;C:\Program Files\Microsoft\jdk-11.0.20.8-hotspot\bin;C:\WINDOWS\SYSTEM32;C:\WINDOWS\WinSxS\amd64_microsoft.windows.common-controls_6595b64144ccf1df_6.0.19041.3636_none_60b6a03d71f818d5;C:\Program Files\Microsoft\jdk-11.0.20.8-hotspot\bin\server;C:\Users\chand\.gradle\native\68d5fa5c4cc2d200863cafc0d521ce42e7d3e7ee720ec0a83991735586a16f82\windows-amd64;C:\Users\chand\.gradle\native\e376f236ea51e6404a007f0833ffe2c6e607c4080706a723a18a27aeea778392\windows-amd64

VM Arguments:
jvm_args: -XX:MaxMetaspaceSize=512m --add-opens=java.base/java.util=ALL-UNNAMED --add-opens=java.base/java.lang=ALL-UNNAMED --add-opens=java.base/java.lang.invoke=ALL-UNNAMED --add-opens=java.prefs/java.util.prefs=ALL-UNNAMED --add-opens=java.base/java.nio.charset=ALL-UNNAMED --add-opens=java.base/java.net=ALL-UNNAMED --add-opens=java.base/java.util.concurrent.atomic=ALL-UNNAMED -Xmx2048m -Dfile.encoding=UTF-8 -Duser.country=IN -Duser.language=en -Duser.variant 
java_command: org.gradle.launcher.daemon.bootstrap.GradleDaemon 8.0.1
java_class_path (initial): C:\Users\chand\.gradle\wrapper\dists\gradle-8.0.1-all\aro4hu1c3oeioove7l0i4i14o\gradle-8.0.1\lib\gradle-launcher-8.0.1.jar
Launcher Type: SUN_STANDARD

[Global flags]
     intx CICompilerCount                          = 4                                         {product} {ergonomic}
   size_t CompressedClassSpaceSize                 = 528482304                                 {product} {ergonomic}
     uint ConcGCThreads                            = 2                                         {product} {ergonomic}
     uint G1ConcRefinementThreads                  = 8                                         {product} {ergonomic}
   size_t G1HeapRegionSize                         = 1048576                                   {product} {ergonomic}
    uintx GCDrainStackTargetSize                   = 64                                        {product} {ergonomic}
   size_t InitialHeapSize                          = 134217728                                 {product} {ergonomic}
   size_t MarkStackSize                            = 4194304                                   {product} {ergonomic}
   size_t MaxHeapSize                              = 2147483648                                {product} {command line}
   size_t MaxMetaspaceSize                         = 536870912                                 {product} {command line}
   size_t MaxNewSize                               = 1287651328                                {product} {ergonomic}
   size_t MinHeapDeltaBytes                        = 1048576                                   {product} {ergonomic}
    uintx NonNMethodCodeHeapSize                   = 5836300                                {pd product} {ergonomic}
    uintx NonProfiledCodeHeapSize                  = 122910970                              {pd product} {ergonomic}
    uintx ProfiledCodeHeapSize                     = 122910970                              {pd product} {ergonomic}
    uintx ReservedCodeCacheSize                    = 251658240                              {pd product} {ergonomic}
     bool SegmentedCodeCache                       = true                                      {product} {ergonomic}
     bool UseCompressedClassPointers               = true                                 {lp64_product} {ergonomic}
     bool UseCompressedOops                        = true                                 {lp64_product} {ergonomic}
     bool UseG1GC                                  = true                                      {product} {ergonomic}
     bool UseLargePagesIndividualAllocation        = false                                  {pd product} {ergonomic}

Logging:
Log output configuration:
 #0: stdout all=warning uptime,level,tags
 #1: stderr all=off uptime,level,tags

Environment Variables:
JAVA_HOME=C:\Program Files\Microsoft\jdk-11.0.20.8-hotspot\
PATH=C:\Users\chand\bin;C:\Program Files\Git\mingw64\bin;C:\Program Files\Git\usr\local\bin;C:\Program Files\Git\usr\bin;C:\Program Files\Git\usr\bin;C:\Program Files\Git\mingw64\bin;C:\Program Files\Git\usr\bin;C:\Users\chand\bin;C:\Program Files\Microsoft\jdk-11.0.20.8-hotspot\bin;C:\Program Files\Common Files\Oracle\Java\javapath;C:\Python312\Scripts;C:\Python312;C:\windows\system32;C:\windows;C:\windows\System32\Wbem;C:\windows\System32\WindowsPowerShell\v1.0;C:\windows\System32\OpenSSH;C:\Program Files (x86)\NVIDIA Corporation\PhysX\Common;C:\Program Files\NVIDIA Corporation\NVIDIA NvDLISR;C:\WINDOWS\system32;C:\WINDOWS;C:\WINDOWS\System32\Wbem;C:\WINDOWS\System32\WindowsPowerShell\v1.0;C:\WINDOWS\System32\OpenSSH;C:\Program Files\Git\cmd;C:\ProgramData\chocolatey\bin;C:\Program Files\Java\jdk-21\bin;C:\Users\chand\AppData\Roaming\nvm;C:\Program Files\nodejs;C:\Users\chand\AppData\Local\Android\Sdk\tools;C:\Users\chand\AppData\Local\Microsoft\WindowsApps;C:\Users\chand\AppData\Local\Programs\Microsoft VS Code\bin;C:\Users\chand\AppData\Roaming\npm;C:\Program Files\Java\jdk-21\bin;C:\Users\chand\AppData\Roaming\nvm;C:\Program Files\nodejs;C:\Users\chand\AppData\Local\Android\Sdk\platform-tools;C:\Users\chand\AppData\Local\Android\Sdk\platform-tools;C:\Program Files\Git\usr\bin\vendor_perl;C:\Program Files\Git\usr\bin\core_perl
USERNAME=chand
SHELL=C:\Program Files\Git\usr\bin\bash.exe
DISPLAY=needs-to-be-defined
LANG=en_US.UTF-8
TERM=xterm-256color
TMPDIR=C:\Users\chand\AppData\Local\Temp
OS=Windows_NT
PROCESSOR_IDENTIFIER=Intel64 Family 6 Model 142 Stepping 11, GenuineIntel
TMP=C:\Users\chand\AppData\Local\Temp
TEMP=C:\Users\chand\AppData\Local\Temp



---------------  S Y S T E M  ---------------

OS: Windows 10 , 64 bit Build 19041 (10.0.19041.3636)
OS uptime: 1 days 0:44 hours

CPU:total 8 (initial active 8) (4 cores per cpu, 2 threads per core) family 6 model 142 stepping 11 microcode 0xde, cmov, cx8, fxsr, mmx, sse, sse2, sse3, ssse3, sse4.1, sse4.2, popcnt, avx, avx2, aes, clmul, erms, 3dnowpref, lzcnt, ht, tsc, tscinvbit, bmi1, bmi2, adx, fma

Memory: 4k page, system-wide physical 8079M (212M free)
TotalPageFile size 32655M (AvailPageFile size 159M)
current process WorkingSet (physical memory assigned to process): 150M, peak: 259M
current process commit charge ("private bytes"): 316M, peak: 323M

vm_info: OpenJDK 64-Bit Server VM (11.0.20+8-LTS) for windows-amd64 JRE (11.0.20+8-LTS), built on Jul  7 2023 17:05:21 by "MicrosoftCorporation" with MS VC++ 15.9 (VS2017)

END.
